[2020-10-29 14:01:48,677 - Log.py - 36] - INFO:
请求方法：POST
请求地址：https://mpsit.jus-link.com/api/usercenter-service/login
请求参数：{
    "clientId":"Visual_transport_order",
    "password":"Jusda#123",
    "username":"HP02"
}
请求头部：None
上传文件名称：None

[2020-10-29 14:01:49,106 - Log.py - 36] - INFO:
响应结果：{
    "data":{
        "mustChangePassWord":false,
        "token":"eyJhbGciOiJSUzI1NiIsInR5cCI6IkpXVCJ9.eyJ0ZXJtaW5hbF90eXBlIjoid2ViIiwidXNlcl9uYW1lIjoiSFAwMiIsInNjb3BlIjpbImZvbyIsInJlYWQiLCJ3cml0ZSJdLCJhcHBsaWNhdGlvbl9jb2RlIjoiVmlzdWFsX3RyYW5zcG9ydF9vcmRlciIsImV4cCI6MTYwMzk4NzMwOSwidXNlcmFjY291bnRfaWQiOiI0NDc1NjA2NjI4MjY0OTc2Mzg0IiwianRpIjoiMzA1ZjkwNGQtZjkzYi00NzcwLThkNDYtMDAxZDdjMTg5MmI4IiwiY2xpZW50X2lkIjoiVmlzdWFsX3RyYW5zcG9ydF9vcmRlciJ9.WxwOboGCkp5IFMtt2xsdqWzzNnVvG8ebGe-chQAKHOxYUlmOxRTxgOqcq_9WjrXdt75lB4S8IFrlHKPYCG1vZ3e83GaCTIyKafUkFTjmh6PBFOS0QWDgs1wvlAlqgYvQGcE9RbGdBSA0Ze7Pw0a2SNGYpjYhLgk949NVDjM7tYSTe20eplDG3hYbIDgFc8Cps0jv7gqP9dH5iOMNkdRa_li3xx0PjxaqhxkXSlJzNl6fMfnfsEo4ayeFEXoCYDJBRrC7_eM5GtX6IfuLyAmEWzgIadLAJUWxFdXrKKLC4n4X4to7cwaOIyFfUPIi8CzpEENmbwAX0PwHMGFVlAEXtw",
        "verificationCode":"y2pnmW"
    },
    "errorCode":null,
    "errorData":null,
    "message":null,
    "success":true
}

[2020-10-29 14:01:49,120 - Log.py - 36] - INFO:
请求方法：GET
请求地址：https://mpsit.jus-link.com/api/usercenter-service/identities
请求参数：{}
请求头部：{
    "Authorization":"eyJhbGciOiJSUzI1NiIsInR5cCI6IkpXVCJ9.eyJ0ZXJtaW5hbF90eXBlIjoid2ViIiwidXNlcl9uYW1lIjoiSFAwMiIsInNjb3BlIjpbImZvbyIsInJlYWQiLCJ3cml0ZSJdLCJhcHBsaWNhdGlvbl9jb2RlIjoiVmlzdWFsX3RyYW5zcG9ydF9vcmRlciIsImV4cCI6MTYwMzk4NzMwOSwidXNlcmFjY291bnRfaWQiOiI0NDc1NjA2NjI4MjY0OTc2Mzg0IiwianRpIjoiMzA1ZjkwNGQtZjkzYi00NzcwLThkNDYtMDAxZDdjMTg5MmI4IiwiY2xpZW50X2lkIjoiVmlzdWFsX3RyYW5zcG9ydF9vcmRlciJ9.WxwOboGCkp5IFMtt2xsdqWzzNnVvG8ebGe-chQAKHOxYUlmOxRTxgOqcq_9WjrXdt75lB4S8IFrlHKPYCG1vZ3e83GaCTIyKafUkFTjmh6PBFOS0QWDgs1wvlAlqgYvQGcE9RbGdBSA0Ze7Pw0a2SNGYpjYhLgk949NVDjM7tYSTe20eplDG3hYbIDgFc8Cps0jv7gqP9dH5iOMNkdRa_li3xx0PjxaqhxkXSlJzNl6fMfnfsEo4ayeFEXoCYDJBRrC7_eM5GtX6IfuLyAmEWzgIadLAJUWxFdXrKKLC4n4X4to7cwaOIyFfUPIi8CzpEENmbwAX0PwHMGFVlAEXtw",
    "clientId":"Visual_transport_order"
}
上传文件名称：None

[2020-10-29 14:01:49,463 - Log.py - 36] - INFO:
响应结果：{
    "data":[
        {
            "identityId":"4475607238150332416",
            "proxyAble":false,
            "tenant":{
                "code":"TEN_4403722516546199552",
                "company":{
                    "id":"4403721588833267713",
                    "name":"中国惠普有限公司"
                },
                "hasAppPermission":false,
                "id":"4403722516546199553",
                "name":"中国惠普有限公司",
                "simpleName":"惠普"
            }
        }
    ],
    "errorCode":null,
    "errorData":null,
    "message":null,
    "success":true
}

[2020-10-29 14:01:49,482 - Log.py - 36] - INFO:
请求方法：POST
请求地址：https://mpsit.jus-link.com/api/usercenter-service/authentication/login-as/4475607238150332416
请求参数：{}
请求头部：{
    "Authorization":"eyJhbGciOiJSUzI1NiIsInR5cCI6IkpXVCJ9.eyJ0ZXJtaW5hbF90eXBlIjoid2ViIiwidXNlcl9uYW1lIjoiSFAwMiIsInNjb3BlIjpbImZvbyIsInJlYWQiLCJ3cml0ZSJdLCJhcHBsaWNhdGlvbl9jb2RlIjoiVmlzdWFsX3RyYW5zcG9ydF9vcmRlciIsImV4cCI6MTYwMzk4NzMwOSwidXNlcmFjY291bnRfaWQiOiI0NDc1NjA2NjI4MjY0OTc2Mzg0IiwianRpIjoiMzA1ZjkwNGQtZjkzYi00NzcwLThkNDYtMDAxZDdjMTg5MmI4IiwiY2xpZW50X2lkIjoiVmlzdWFsX3RyYW5zcG9ydF9vcmRlciJ9.WxwOboGCkp5IFMtt2xsdqWzzNnVvG8ebGe-chQAKHOxYUlmOxRTxgOqcq_9WjrXdt75lB4S8IFrlHKPYCG1vZ3e83GaCTIyKafUkFTjmh6PBFOS0QWDgs1wvlAlqgYvQGcE9RbGdBSA0Ze7Pw0a2SNGYpjYhLgk949NVDjM7tYSTe20eplDG3hYbIDgFc8Cps0jv7gqP9dH5iOMNkdRa_li3xx0PjxaqhxkXSlJzNl6fMfnfsEo4ayeFEXoCYDJBRrC7_eM5GtX6IfuLyAmEWzgIadLAJUWxFdXrKKLC4n4X4to7cwaOIyFfUPIi8CzpEENmbwAX0PwHMGFVlAEXtw",
    "clientId":"Visual_transport_order"
}
上传文件名称：None

[2020-10-29 14:01:49,962 - Log.py - 36] - INFO:
响应结果：{
    "data":null,
    "errorCode":null,
    "errorData":null,
    "message":null,
    "success":true
}

[2020-10-29 14:01:49,970 - Log.py - 36] - INFO:
请求方法：GET
请求地址：https://mpsit.jus-link.com/api/usercenter-service/authentication/oauth/token
请求参数：{
    "code":"y2pnmW"
}
请求头部：{
    "Authorization":"eyJhbGciOiJSUzI1NiIsInR5cCI6IkpXVCJ9.eyJ0ZXJtaW5hbF90eXBlIjoid2ViIiwidXNlcl9uYW1lIjoiSFAwMiIsInNjb3BlIjpbImZvbyIsInJlYWQiLCJ3cml0ZSJdLCJhcHBsaWNhdGlvbl9jb2RlIjoiVmlzdWFsX3RyYW5zcG9ydF9vcmRlciIsImV4cCI6MTYwMzk4NzMwOSwidXNlcmFjY291bnRfaWQiOiI0NDc1NjA2NjI4MjY0OTc2Mzg0IiwianRpIjoiMzA1ZjkwNGQtZjkzYi00NzcwLThkNDYtMDAxZDdjMTg5MmI4IiwiY2xpZW50X2lkIjoiVmlzdWFsX3RyYW5zcG9ydF9vcmRlciJ9.WxwOboGCkp5IFMtt2xsdqWzzNnVvG8ebGe-chQAKHOxYUlmOxRTxgOqcq_9WjrXdt75lB4S8IFrlHKPYCG1vZ3e83GaCTIyKafUkFTjmh6PBFOS0QWDgs1wvlAlqgYvQGcE9RbGdBSA0Ze7Pw0a2SNGYpjYhLgk949NVDjM7tYSTe20eplDG3hYbIDgFc8Cps0jv7gqP9dH5iOMNkdRa_li3xx0PjxaqhxkXSlJzNl6fMfnfsEo4ayeFEXoCYDJBRrC7_eM5GtX6IfuLyAmEWzgIadLAJUWxFdXrKKLC4n4X4to7cwaOIyFfUPIi8CzpEENmbwAX0PwHMGFVlAEXtw",
    "clientId":"Visual_transport_order"
}
上传文件名称：None

[2020-10-29 14:01:50,243 - Log.py - 36] - INFO:
响应结果：{
    "data":"eyJhbGciOiJSUzI1NiIsInR5cCI6IkpXVCJ9.eyJ0ZXJtaW5hbF90eXBlIjoid2ViIiwidXNlcl9uYW1lIjoiSFAwMiIsInNjb3BlIjpbImZvbyIsInJlYWQiLCJ3cml0ZSJdLCJhcHBsaWNhdGlvbl9jb2RlIjoiVmlzdWFsX3RyYW5zcG9ydF9vcmRlciIsImV4cCI6MTYwMzk4NzMwOSwidXNlcmFjY291bnRfaWQiOiI0NDc1NjA2NjI4MjY0OTc2Mzg0IiwianRpIjoiMzA1ZjkwNGQtZjkzYi00NzcwLThkNDYtMDAxZDdjMTg5MmI4IiwiY2xpZW50X2lkIjoiVmlzdWFsX3RyYW5zcG9ydF9vcmRlciJ9.WxwOboGCkp5IFMtt2xsdqWzzNnVvG8ebGe-chQAKHOxYUlmOxRTxgOqcq_9WjrXdt75lB4S8IFrlHKPYCG1vZ3e83GaCTIyKafUkFTjmh6PBFOS0QWDgs1wvlAlqgYvQGcE9RbGdBSA0Ze7Pw0a2SNGYpjYhLgk949NVDjM7tYSTe20eplDG3hYbIDgFc8Cps0jv7gqP9dH5iOMNkdRa_li3xx0PjxaqhxkXSlJzNl6fMfnfsEo4ayeFEXoCYDJBRrC7_eM5GtX6IfuLyAmEWzgIadLAJUWxFdXrKKLC4n4X4to7cwaOIyFfUPIi8CzpEENmbwAX0PwHMGFVlAEXtw",
    "errorCode":null,
    "errorData":null,
    "message":null,
    "success":true
}

[2020-10-29 14:01:51,219 - Log.py - 36] - INFO:=======执行第001条用例开始： 登录 ========
[2020-10-29 14:01:51,234 - Log.py - 36] - INFO:
请求方法：POST
请求地址：https://mpsit.jus-link.com/api/usercenter-service/login
请求参数：{
    "clientId":"home",
    "password":"Jusda#123",
    "username":"HP02"
}
请求头部：
上传文件名称：

[2020-10-29 14:01:51,504 - Log.py - 36] - INFO:
响应结果：{
    "data":{
        "mustChangePassWord":false,
        "token":"eyJhbGciOiJSUzI1NiIsInR5cCI6IkpXVCJ9.eyJ0ZXJtaW5hbF90eXBlIjoid2ViIiwidXNlcl9uYW1lIjoiSFAwMiIsInNjb3BlIjpbInJlYWQiLCJ3cml0ZSIsImZvbyJdLCJhcHBsaWNhdGlvbl9jb2RlIjoiaG9tZSIsImV4cCI6MTYwMzk4NzMxMSwidXNlcmFjY291bnRfaWQiOiI0NDc1NjA2NjI4MjY0OTc2Mzg0IiwianRpIjoiZjE4NjFmNjgtMjM1ZC00MTI5LTgwMWItOGYyZWQ5YjM5YTRjIiwiY2xpZW50X2lkIjoiaG9tZSJ9.CMmjRHi5bjidRi5zhXXln5NF_vk2OtiOy9rotp4LHjFLL0hM96U3m842rrkftW_3Z3uY4w51-c-3zqeHrFIbMVTS4HJpOwf9Ja5YwlcbCTU-jQcxo6MkuoiLZM9HYdiz4nct88tn4JOzpbuSgQ35KM2u2iIMGrzpWzOFesmB5FbCwSgLeWomJXVYMcu-y8Wfgd-aEMTFrg7w1JVlEQcAOJ8bD2jOtHODd09VDXOZJZPttKUJe2G20Tp5WNflha8SB_uC3QQKEB222u7cpptFPWxx_XqPyRkQCfsvgj_HPR9Ah5ELbGKKZGYCt64HesnuiJSRiBOY11NObuPest6StA",
        "verificationCode":"5rPU14"
    },
    "errorCode":null,
    "errorData":null,
    "message":null,
    "success":true
}

[2020-10-29 14:01:51,516 - Log.py - 36] - INFO:=======执行第002条用例开始： identities_登录用户身份信息列表 ========
[2020-10-29 14:01:51,532 - Log.py - 36] - INFO:
请求方法：GET
请求地址：https://mpsit.jus-link.com/api/usercenter-service/identities
请求参数：
请求头部：{
    "Authorization":"Bearer eyJhbGciOiJSUzI1NiIsInR5cCI6IkpXVCJ9.eyJ0ZXJtaW5hbF90eXBlIjoid2ViIiwidXNlcl9uYW1lIjoiSFAwMiIsInNjb3BlIjpbInJlYWQiLCJ3cml0ZSIsImZvbyJdLCJhcHBsaWNhdGlvbl9jb2RlIjoiaG9tZSIsImV4cCI6MTYwMzk4NzMxMSwidXNlcmFjY291bnRfaWQiOiI0NDc1NjA2NjI4MjY0OTc2Mzg0IiwianRpIjoiZjE4NjFmNjgtMjM1ZC00MTI5LTgwMWItOGYyZWQ5YjM5YTRjIiwiY2xpZW50X2lkIjoiaG9tZSJ9.CMmjRHi5bjidRi5zhXXln5NF_vk2OtiOy9rotp4LHjFLL0hM96U3m842rrkftW_3Z3uY4w51-c-3zqeHrFIbMVTS4HJpOwf9Ja5YwlcbCTU-jQcxo6MkuoiLZM9HYdiz4nct88tn4JOzpbuSgQ35KM2u2iIMGrzpWzOFesmB5FbCwSgLeWomJXVYMcu-y8Wfgd-aEMTFrg7w1JVlEQcAOJ8bD2jOtHODd09VDXOZJZPttKUJe2G20Tp5WNflha8SB_uC3QQKEB222u7cpptFPWxx_XqPyRkQCfsvgj_HPR9Ah5ELbGKKZGYCt64HesnuiJSRiBOY11NObuPest6StA",
    "clientId":"Visual_transport_order"
}
上传文件名称：

[2020-10-29 14:01:51,839 - Log.py - 36] - INFO:
响应结果：{
    "data":[
        {
            "identityId":"4475607238150332416",
            "proxyAble":false,
            "tenant":{
                "code":"TEN_4403722516546199552",
                "company":{
                    "id":"4403721588833267713",
                    "name":"中国惠普有限公司"
                },
                "hasAppPermission":false,
                "id":"4403722516546199553",
                "name":"中国惠普有限公司",
                "simpleName":"惠普"
            }
        }
    ],
    "errorCode":null,
    "errorData":null,
    "message":null,
    "success":true
}

[2020-10-29 14:01:51,846 - Log.py - 36] - INFO:=======执行第003条用例开始： 用户身份认证 ========
[2020-10-29 14:01:51,852 - Log.py - 36] - INFO:
请求方法：POST
请求地址：https://mpsit.jus-link.com/api/usercenter-service/authentication/login-as/4475607238150332416
请求参数：
请求头部：{
    "Authorization":"Bearer eyJhbGciOiJSUzI1NiIsInR5cCI6IkpXVCJ9.eyJ0ZXJtaW5hbF90eXBlIjoid2ViIiwidXNlcl9uYW1lIjoiSFAwMiIsInNjb3BlIjpbInJlYWQiLCJ3cml0ZSIsImZvbyJdLCJhcHBsaWNhdGlvbl9jb2RlIjoiaG9tZSIsImV4cCI6MTYwMzk4NzMxMSwidXNlcmFjY291bnRfaWQiOiI0NDc1NjA2NjI4MjY0OTc2Mzg0IiwianRpIjoiZjE4NjFmNjgtMjM1ZC00MTI5LTgwMWItOGYyZWQ5YjM5YTRjIiwiY2xpZW50X2lkIjoiaG9tZSJ9.CMmjRHi5bjidRi5zhXXln5NF_vk2OtiOy9rotp4LHjFLL0hM96U3m842rrkftW_3Z3uY4w51-c-3zqeHrFIbMVTS4HJpOwf9Ja5YwlcbCTU-jQcxo6MkuoiLZM9HYdiz4nct88tn4JOzpbuSgQ35KM2u2iIMGrzpWzOFesmB5FbCwSgLeWomJXVYMcu-y8Wfgd-aEMTFrg7w1JVlEQcAOJ8bD2jOtHODd09VDXOZJZPttKUJe2G20Tp5WNflha8SB_uC3QQKEB222u7cpptFPWxx_XqPyRkQCfsvgj_HPR9Ah5ELbGKKZGYCt64HesnuiJSRiBOY11NObuPest6StA",
    "clientId":"Visual_transport_order"
}
上传文件名称：

[2020-10-29 14:01:52,171 - Log.py - 36] - INFO:
响应结果：{
    "data":null,
    "errorCode":null,
    "errorData":null,
    "message":null,
    "success":true
}

[2020-10-29 14:01:52,171 - Log.py - 36] - INFO:=======执行第004条用例开始： 获取token ========
[2020-10-29 14:01:52,199 - Log.py - 36] - INFO:
请求方法：GET
请求地址：https://mpsit.jus-link.com/api/usercenter-service/authentication/oauth/token
请求参数：{
    "code":"5rPU14"
}
请求头部：{
    "Authorization":"Bearer eyJhbGciOiJSUzI1NiIsInR5cCI6IkpXVCJ9.eyJ0ZXJtaW5hbF90eXBlIjoid2ViIiwidXNlcl9uYW1lIjoiSFAwMiIsInNjb3BlIjpbInJlYWQiLCJ3cml0ZSIsImZvbyJdLCJhcHBsaWNhdGlvbl9jb2RlIjoiaG9tZSIsImV4cCI6MTYwMzk4NzMxMSwidXNlcmFjY291bnRfaWQiOiI0NDc1NjA2NjI4MjY0OTc2Mzg0IiwianRpIjoiZjE4NjFmNjgtMjM1ZC00MTI5LTgwMWItOGYyZWQ5YjM5YTRjIiwiY2xpZW50X2lkIjoiaG9tZSJ9.CMmjRHi5bjidRi5zhXXln5NF_vk2OtiOy9rotp4LHjFLL0hM96U3m842rrkftW_3Z3uY4w51-c-3zqeHrFIbMVTS4HJpOwf9Ja5YwlcbCTU-jQcxo6MkuoiLZM9HYdiz4nct88tn4JOzpbuSgQ35KM2u2iIMGrzpWzOFesmB5FbCwSgLeWomJXVYMcu-y8Wfgd-aEMTFrg7w1JVlEQcAOJ8bD2jOtHODd09VDXOZJZPttKUJe2G20Tp5WNflha8SB_uC3QQKEB222u7cpptFPWxx_XqPyRkQCfsvgj_HPR9Ah5ELbGKKZGYCt64HesnuiJSRiBOY11NObuPest6StA",
    "clientId":"Visual_transport_order"
}
上传文件名称：

[2020-10-29 14:01:52,461 - Log.py - 36] - INFO:
响应结果：{
    "data":"eyJhbGciOiJSUzI1NiIsInR5cCI6IkpXVCJ9.eyJ0ZXJtaW5hbF90eXBlIjoid2ViIiwidXNlcl9uYW1lIjoiSFAwMiIsInNjb3BlIjpbInJlYWQiLCJ3cml0ZSIsImZvbyJdLCJhcHBsaWNhdGlvbl9jb2RlIjoiaG9tZSIsImV4cCI6MTYwMzk4NzMxMSwidXNlcmFjY291bnRfaWQiOiI0NDc1NjA2NjI4MjY0OTc2Mzg0IiwianRpIjoiZjE4NjFmNjgtMjM1ZC00MTI5LTgwMWItOGYyZWQ5YjM5YTRjIiwiY2xpZW50X2lkIjoiaG9tZSJ9.CMmjRHi5bjidRi5zhXXln5NF_vk2OtiOy9rotp4LHjFLL0hM96U3m842rrkftW_3Z3uY4w51-c-3zqeHrFIbMVTS4HJpOwf9Ja5YwlcbCTU-jQcxo6MkuoiLZM9HYdiz4nct88tn4JOzpbuSgQ35KM2u2iIMGrzpWzOFesmB5FbCwSgLeWomJXVYMcu-y8Wfgd-aEMTFrg7w1JVlEQcAOJ8bD2jOtHODd09VDXOZJZPttKUJe2G20Tp5WNflha8SB_uC3QQKEB222u7cpptFPWxx_XqPyRkQCfsvgj_HPR9Ah5ELbGKKZGYCt64HesnuiJSRiBOY11NObuPest6StA",
    "errorCode":null,
    "errorData":null,
    "message":null,
    "success":true
}

[2020-10-29 14:06:00,315 - Log.py - 36] - INFO:
请求方法：POST
请求地址：https://mpsit.jus-link.com/api/usercenter-service/login
请求参数：{
    "clientId":"Visual_transport_order",
    "password":"Jusda#123",
    "username":"HP02"
}
请求头部：None
上传文件名称：None

[2020-10-29 14:06:00,649 - Log.py - 36] - INFO:
响应结果：{
    "data":{
        "mustChangePassWord":false,
        "token":"eyJhbGciOiJSUzI1NiIsInR5cCI6IkpXVCJ9.eyJ0ZXJtaW5hbF90eXBlIjoid2ViIiwidXNlcl9uYW1lIjoiSFAwMiIsInNjb3BlIjpbImZvbyIsInJlYWQiLCJ3cml0ZSJdLCJhcHBsaWNhdGlvbl9jb2RlIjoiVmlzdWFsX3RyYW5zcG9ydF9vcmRlciIsImV4cCI6MTYwMzk4NzU2MCwidXNlcmFjY291bnRfaWQiOiI0NDc1NjA2NjI4MjY0OTc2Mzg0IiwianRpIjoiNWY2MDZmNDItMzkyOC00MDljLThhNTgtNTA5OTMyMjc1OTEwIiwiY2xpZW50X2lkIjoiVmlzdWFsX3RyYW5zcG9ydF9vcmRlciJ9.NQsWODEWnw-q1C-yG0GJVjTpBCYZtspWVO8G13iOQsafU1tXTC1oxNv6AHx6zgcA9Teyaj0UsdtAa_uNB8WZ-EUvV8ag3v7pA78qW4WMNPywe1zVHcldi_iufWUJLNEO5cArzp9HWeOwgodpXF9OlnOBhLTrTci9WQbyx1plpMoB0GtMMhMeuBwfKlng2OfLCBYIVLsrI1uwKlX1cUM_hZ-_G_7sMAwO6Ztoe46j6ozzLKTPcUV0m4DVywdfo5Oe5scAdBiAjvUJCm3HPCiqs1l-_oOkjC8EG1dQJvMVdoVLMIm6Nj3LLQo4y6mchD26sYOQdYOKSZNqydcwUAPM8g",
        "verificationCode":"bWluwm"
    },
    "errorCode":null,
    "errorData":null,
    "message":null,
    "success":true
}

[2020-10-29 14:06:00,657 - Log.py - 36] - INFO:
请求方法：GET
请求地址：https://mpsit.jus-link.com/api/usercenter-service/identities
请求参数：{}
请求头部：{
    "Authorization":"eyJhbGciOiJSUzI1NiIsInR5cCI6IkpXVCJ9.eyJ0ZXJtaW5hbF90eXBlIjoid2ViIiwidXNlcl9uYW1lIjoiSFAwMiIsInNjb3BlIjpbImZvbyIsInJlYWQiLCJ3cml0ZSJdLCJhcHBsaWNhdGlvbl9jb2RlIjoiVmlzdWFsX3RyYW5zcG9ydF9vcmRlciIsImV4cCI6MTYwMzk4NzU2MCwidXNlcmFjY291bnRfaWQiOiI0NDc1NjA2NjI4MjY0OTc2Mzg0IiwianRpIjoiNWY2MDZmNDItMzkyOC00MDljLThhNTgtNTA5OTMyMjc1OTEwIiwiY2xpZW50X2lkIjoiVmlzdWFsX3RyYW5zcG9ydF9vcmRlciJ9.NQsWODEWnw-q1C-yG0GJVjTpBCYZtspWVO8G13iOQsafU1tXTC1oxNv6AHx6zgcA9Teyaj0UsdtAa_uNB8WZ-EUvV8ag3v7pA78qW4WMNPywe1zVHcldi_iufWUJLNEO5cArzp9HWeOwgodpXF9OlnOBhLTrTci9WQbyx1plpMoB0GtMMhMeuBwfKlng2OfLCBYIVLsrI1uwKlX1cUM_hZ-_G_7sMAwO6Ztoe46j6ozzLKTPcUV0m4DVywdfo5Oe5scAdBiAjvUJCm3HPCiqs1l-_oOkjC8EG1dQJvMVdoVLMIm6Nj3LLQo4y6mchD26sYOQdYOKSZNqydcwUAPM8g",
    "clientId":"Visual_transport_order"
}
上传文件名称：None

[2020-10-29 14:06:00,987 - Log.py - 36] - INFO:
响应结果：{
    "data":[
        {
            "identityId":"4475607238150332416",
            "proxyAble":false,
            "tenant":{
                "code":"TEN_4403722516546199552",
                "company":{
                    "id":"4403721588833267713",
                    "name":"中国惠普有限公司"
                },
                "hasAppPermission":false,
                "id":"4403722516546199553",
                "name":"中国惠普有限公司",
                "simpleName":"惠普"
            }
        }
    ],
    "errorCode":null,
    "errorData":null,
    "message":null,
    "success":true
}

[2020-10-29 14:06:00,997 - Log.py - 36] - INFO:
请求方法：POST
请求地址：https://mpsit.jus-link.com/api/usercenter-service/authentication/login-as/4475607238150332416
请求参数：{}
请求头部：{
    "Authorization":"eyJhbGciOiJSUzI1NiIsInR5cCI6IkpXVCJ9.eyJ0ZXJtaW5hbF90eXBlIjoid2ViIiwidXNlcl9uYW1lIjoiSFAwMiIsInNjb3BlIjpbImZvbyIsInJlYWQiLCJ3cml0ZSJdLCJhcHBsaWNhdGlvbl9jb2RlIjoiVmlzdWFsX3RyYW5zcG9ydF9vcmRlciIsImV4cCI6MTYwMzk4NzU2MCwidXNlcmFjY291bnRfaWQiOiI0NDc1NjA2NjI4MjY0OTc2Mzg0IiwianRpIjoiNWY2MDZmNDItMzkyOC00MDljLThhNTgtNTA5OTMyMjc1OTEwIiwiY2xpZW50X2lkIjoiVmlzdWFsX3RyYW5zcG9ydF9vcmRlciJ9.NQsWODEWnw-q1C-yG0GJVjTpBCYZtspWVO8G13iOQsafU1tXTC1oxNv6AHx6zgcA9Teyaj0UsdtAa_uNB8WZ-EUvV8ag3v7pA78qW4WMNPywe1zVHcldi_iufWUJLNEO5cArzp9HWeOwgodpXF9OlnOBhLTrTci9WQbyx1plpMoB0GtMMhMeuBwfKlng2OfLCBYIVLsrI1uwKlX1cUM_hZ-_G_7sMAwO6Ztoe46j6ozzLKTPcUV0m4DVywdfo5Oe5scAdBiAjvUJCm3HPCiqs1l-_oOkjC8EG1dQJvMVdoVLMIm6Nj3LLQo4y6mchD26sYOQdYOKSZNqydcwUAPM8g",
    "clientId":"Visual_transport_order"
}
上传文件名称：None

[2020-10-29 14:06:01,373 - Log.py - 36] - INFO:
响应结果：{
    "data":null,
    "errorCode":null,
    "errorData":null,
    "message":null,
    "success":true
}

[2020-10-29 14:06:01,384 - Log.py - 36] - INFO:
请求方法：GET
请求地址：https://mpsit.jus-link.com/api/usercenter-service/authentication/oauth/token
请求参数：{
    "code":"bWluwm"
}
请求头部：{
    "Authorization":"eyJhbGciOiJSUzI1NiIsInR5cCI6IkpXVCJ9.eyJ0ZXJtaW5hbF90eXBlIjoid2ViIiwidXNlcl9uYW1lIjoiSFAwMiIsInNjb3BlIjpbImZvbyIsInJlYWQiLCJ3cml0ZSJdLCJhcHBsaWNhdGlvbl9jb2RlIjoiVmlzdWFsX3RyYW5zcG9ydF9vcmRlciIsImV4cCI6MTYwMzk4NzU2MCwidXNlcmFjY291bnRfaWQiOiI0NDc1NjA2NjI4MjY0OTc2Mzg0IiwianRpIjoiNWY2MDZmNDItMzkyOC00MDljLThhNTgtNTA5OTMyMjc1OTEwIiwiY2xpZW50X2lkIjoiVmlzdWFsX3RyYW5zcG9ydF9vcmRlciJ9.NQsWODEWnw-q1C-yG0GJVjTpBCYZtspWVO8G13iOQsafU1tXTC1oxNv6AHx6zgcA9Teyaj0UsdtAa_uNB8WZ-EUvV8ag3v7pA78qW4WMNPywe1zVHcldi_iufWUJLNEO5cArzp9HWeOwgodpXF9OlnOBhLTrTci9WQbyx1plpMoB0GtMMhMeuBwfKlng2OfLCBYIVLsrI1uwKlX1cUM_hZ-_G_7sMAwO6Ztoe46j6ozzLKTPcUV0m4DVywdfo5Oe5scAdBiAjvUJCm3HPCiqs1l-_oOkjC8EG1dQJvMVdoVLMIm6Nj3LLQo4y6mchD26sYOQdYOKSZNqydcwUAPM8g",
    "clientId":"Visual_transport_order"
}
上传文件名称：None

[2020-10-29 14:06:01,631 - Log.py - 36] - INFO:
响应结果：{
    "data":"eyJhbGciOiJSUzI1NiIsInR5cCI6IkpXVCJ9.eyJ0ZXJtaW5hbF90eXBlIjoid2ViIiwidXNlcl9uYW1lIjoiSFAwMiIsInNjb3BlIjpbImZvbyIsInJlYWQiLCJ3cml0ZSJdLCJhcHBsaWNhdGlvbl9jb2RlIjoiVmlzdWFsX3RyYW5zcG9ydF9vcmRlciIsImV4cCI6MTYwMzk4NzU2MCwidXNlcmFjY291bnRfaWQiOiI0NDc1NjA2NjI4MjY0OTc2Mzg0IiwianRpIjoiNWY2MDZmNDItMzkyOC00MDljLThhNTgtNTA5OTMyMjc1OTEwIiwiY2xpZW50X2lkIjoiVmlzdWFsX3RyYW5zcG9ydF9vcmRlciJ9.NQsWODEWnw-q1C-yG0GJVjTpBCYZtspWVO8G13iOQsafU1tXTC1oxNv6AHx6zgcA9Teyaj0UsdtAa_uNB8WZ-EUvV8ag3v7pA78qW4WMNPywe1zVHcldi_iufWUJLNEO5cArzp9HWeOwgodpXF9OlnOBhLTrTci9WQbyx1plpMoB0GtMMhMeuBwfKlng2OfLCBYIVLsrI1uwKlX1cUM_hZ-_G_7sMAwO6Ztoe46j6ozzLKTPcUV0m4DVywdfo5Oe5scAdBiAjvUJCm3HPCiqs1l-_oOkjC8EG1dQJvMVdoVLMIm6Nj3LLQo4y6mchD26sYOQdYOKSZNqydcwUAPM8g",
    "errorCode":null,
    "errorData":null,
    "message":null,
    "success":true
}

[2020-10-29 14:06:02,406 - Log.py - 36] - INFO:swagger接口总数：81
[2020-10-29 14:06:02,413 - Log.py - 36] - INFO:测试覆盖的接口总数：81
[2020-10-29 14:06:02,422 - Log.py - 36] - INFO:接口测试覆盖率：100.00%
[2020-10-29 14:06:02,431 - Log.py - 36] - INFO:=======执行第001条用例开始： 登录 ========
[2020-10-29 14:06:02,436 - Log.py - 36] - INFO:
请求方法：POST
请求地址：https://mpsit.jus-link.com/api/usercenter-service/login
请求参数：{
    "clientId":"home",
    "password":"Jusda#123",
    "username":"HP02"
}
请求头部：
上传文件名称：

[2020-10-29 14:06:02,687 - Log.py - 36] - INFO:
响应结果：{
    "data":{
        "mustChangePassWord":false,
        "token":"eyJhbGciOiJSUzI1NiIsInR5cCI6IkpXVCJ9.eyJ0ZXJtaW5hbF90eXBlIjoid2ViIiwidXNlcl9uYW1lIjoiSFAwMiIsInNjb3BlIjpbInJlYWQiLCJ3cml0ZSIsImZvbyJdLCJhcHBsaWNhdGlvbl9jb2RlIjoiaG9tZSIsImV4cCI6MTYwMzk4NzU2MiwidXNlcmFjY291bnRfaWQiOiI0NDc1NjA2NjI4MjY0OTc2Mzg0IiwianRpIjoiNDJkZmUxOWYtZTZkYy00NTExLWI3MDUtMzIyMWYyODA0OGI1IiwiY2xpZW50X2lkIjoiaG9tZSJ9.LGwwbFWc_5fH7rVKzVPb9v7Py0SPFKKsJsZ1m9tZZnxw70jkq6TH6Xx5AxvzdByFU-Uij6DBv_k-GuRukbVopCmXBSYA6XvpFhcs4wHN5FVw23wMyTQ-VhOj7Um0FAwiW7qQPd5opM_G2RLjZmG3T0qSOBRG1jhPPPaoBBtMWTK2Mzv1GNEN4rpQS98wnnAmptco7qKMkNkwEH88mw4JDQSDXVRrRRgl9RVRTFdIT-PrNLQaq9-Bgz1ViQY3EE93RSI9zbVd_wtQaQmWRB8BYYjj_wIZOqAWN7XUYB4X2Lvel7OIdEsh47SdxJr_k5kh7mCKSA5AYpx61X29OJ0aNQ",
        "verificationCode":"2F6hO7"
    },
    "errorCode":null,
    "errorData":null,
    "message":null,
    "success":true
}

[2020-10-29 14:06:02,692 - Log.py - 36] - INFO:=======执行第002条用例开始： identities_登录用户身份信息列表 ========
[2020-10-29 14:06:02,696 - Log.py - 36] - INFO:
请求方法：GET
请求地址：https://mpsit.jus-link.com/api/usercenter-service/identities
请求参数：
请求头部：{
    "Authorization":"Bearer eyJhbGciOiJSUzI1NiIsInR5cCI6IkpXVCJ9.eyJ0ZXJtaW5hbF90eXBlIjoid2ViIiwidXNlcl9uYW1lIjoiSFAwMiIsInNjb3BlIjpbInJlYWQiLCJ3cml0ZSIsImZvbyJdLCJhcHBsaWNhdGlvbl9jb2RlIjoiaG9tZSIsImV4cCI6MTYwMzk4NzU2MiwidXNlcmFjY291bnRfaWQiOiI0NDc1NjA2NjI4MjY0OTc2Mzg0IiwianRpIjoiNDJkZmUxOWYtZTZkYy00NTExLWI3MDUtMzIyMWYyODA0OGI1IiwiY2xpZW50X2lkIjoiaG9tZSJ9.LGwwbFWc_5fH7rVKzVPb9v7Py0SPFKKsJsZ1m9tZZnxw70jkq6TH6Xx5AxvzdByFU-Uij6DBv_k-GuRukbVopCmXBSYA6XvpFhcs4wHN5FVw23wMyTQ-VhOj7Um0FAwiW7qQPd5opM_G2RLjZmG3T0qSOBRG1jhPPPaoBBtMWTK2Mzv1GNEN4rpQS98wnnAmptco7qKMkNkwEH88mw4JDQSDXVRrRRgl9RVRTFdIT-PrNLQaq9-Bgz1ViQY3EE93RSI9zbVd_wtQaQmWRB8BYYjj_wIZOqAWN7XUYB4X2Lvel7OIdEsh47SdxJr_k5kh7mCKSA5AYpx61X29OJ0aNQ",
    "clientId":"Visual_transport_order"
}
上传文件名称：

[2020-10-29 14:06:03,069 - Log.py - 36] - INFO:
响应结果：{
    "data":[
        {
            "identityId":"4475607238150332416",
            "proxyAble":false,
            "tenant":{
                "code":"TEN_4403722516546199552",
                "company":{
                    "id":"4403721588833267713",
                    "name":"中国惠普有限公司"
                },
                "hasAppPermission":false,
                "id":"4403722516546199553",
                "name":"中国惠普有限公司",
                "simpleName":"惠普"
            }
        }
    ],
    "errorCode":null,
    "errorData":null,
    "message":null,
    "success":true
}

[2020-10-29 14:06:03,074 - Log.py - 36] - INFO:=======执行第003条用例开始： 用户身份认证 ========
[2020-10-29 14:06:03,080 - Log.py - 36] - INFO:
请求方法：POST
请求地址：https://mpsit.jus-link.com/api/usercenter-service/authentication/login-as/4475607238150332416
请求参数：
请求头部：{
    "Authorization":"Bearer eyJhbGciOiJSUzI1NiIsInR5cCI6IkpXVCJ9.eyJ0ZXJtaW5hbF90eXBlIjoid2ViIiwidXNlcl9uYW1lIjoiSFAwMiIsInNjb3BlIjpbInJlYWQiLCJ3cml0ZSIsImZvbyJdLCJhcHBsaWNhdGlvbl9jb2RlIjoiaG9tZSIsImV4cCI6MTYwMzk4NzU2MiwidXNlcmFjY291bnRfaWQiOiI0NDc1NjA2NjI4MjY0OTc2Mzg0IiwianRpIjoiNDJkZmUxOWYtZTZkYy00NTExLWI3MDUtMzIyMWYyODA0OGI1IiwiY2xpZW50X2lkIjoiaG9tZSJ9.LGwwbFWc_5fH7rVKzVPb9v7Py0SPFKKsJsZ1m9tZZnxw70jkq6TH6Xx5AxvzdByFU-Uij6DBv_k-GuRukbVopCmXBSYA6XvpFhcs4wHN5FVw23wMyTQ-VhOj7Um0FAwiW7qQPd5opM_G2RLjZmG3T0qSOBRG1jhPPPaoBBtMWTK2Mzv1GNEN4rpQS98wnnAmptco7qKMkNkwEH88mw4JDQSDXVRrRRgl9RVRTFdIT-PrNLQaq9-Bgz1ViQY3EE93RSI9zbVd_wtQaQmWRB8BYYjj_wIZOqAWN7XUYB4X2Lvel7OIdEsh47SdxJr_k5kh7mCKSA5AYpx61X29OJ0aNQ",
    "clientId":"Visual_transport_order"
}
上传文件名称：

[2020-10-29 14:06:03,558 - Log.py - 36] - INFO:
响应结果：{
    "data":null,
    "errorCode":null,
    "errorData":null,
    "message":null,
    "success":true
}

[2020-10-29 14:06:03,562 - Log.py - 36] - INFO:=======执行第004条用例开始： 获取token ========
[2020-10-29 14:06:03,576 - Log.py - 36] - INFO:
请求方法：GET
请求地址：https://mpsit.jus-link.com/api/usercenter-service/authentication/oauth/token
请求参数：{
    "code":"2F6hO7"
}
请求头部：{
    "Authorization":"Bearer eyJhbGciOiJSUzI1NiIsInR5cCI6IkpXVCJ9.eyJ0ZXJtaW5hbF90eXBlIjoid2ViIiwidXNlcl9uYW1lIjoiSFAwMiIsInNjb3BlIjpbInJlYWQiLCJ3cml0ZSIsImZvbyJdLCJhcHBsaWNhdGlvbl9jb2RlIjoiaG9tZSIsImV4cCI6MTYwMzk4NzU2MiwidXNlcmFjY291bnRfaWQiOiI0NDc1NjA2NjI4MjY0OTc2Mzg0IiwianRpIjoiNDJkZmUxOWYtZTZkYy00NTExLWI3MDUtMzIyMWYyODA0OGI1IiwiY2xpZW50X2lkIjoiaG9tZSJ9.LGwwbFWc_5fH7rVKzVPb9v7Py0SPFKKsJsZ1m9tZZnxw70jkq6TH6Xx5AxvzdByFU-Uij6DBv_k-GuRukbVopCmXBSYA6XvpFhcs4wHN5FVw23wMyTQ-VhOj7Um0FAwiW7qQPd5opM_G2RLjZmG3T0qSOBRG1jhPPPaoBBtMWTK2Mzv1GNEN4rpQS98wnnAmptco7qKMkNkwEH88mw4JDQSDXVRrRRgl9RVRTFdIT-PrNLQaq9-Bgz1ViQY3EE93RSI9zbVd_wtQaQmWRB8BYYjj_wIZOqAWN7XUYB4X2Lvel7OIdEsh47SdxJr_k5kh7mCKSA5AYpx61X29OJ0aNQ",
    "clientId":"Visual_transport_order"
}
上传文件名称：

[2020-10-29 14:06:03,864 - Log.py - 36] - INFO:
响应结果：{
    "data":"eyJhbGciOiJSUzI1NiIsInR5cCI6IkpXVCJ9.eyJ0ZXJtaW5hbF90eXBlIjoid2ViIiwidXNlcl9uYW1lIjoiSFAwMiIsInNjb3BlIjpbInJlYWQiLCJ3cml0ZSIsImZvbyJdLCJhcHBsaWNhdGlvbl9jb2RlIjoiaG9tZSIsImV4cCI6MTYwMzk4NzU2MiwidXNlcmFjY291bnRfaWQiOiI0NDc1NjA2NjI4MjY0OTc2Mzg0IiwianRpIjoiNDJkZmUxOWYtZTZkYy00NTExLWI3MDUtMzIyMWYyODA0OGI1IiwiY2xpZW50X2lkIjoiaG9tZSJ9.LGwwbFWc_5fH7rVKzVPb9v7Py0SPFKKsJsZ1m9tZZnxw70jkq6TH6Xx5AxvzdByFU-Uij6DBv_k-GuRukbVopCmXBSYA6XvpFhcs4wHN5FVw23wMyTQ-VhOj7Um0FAwiW7qQPd5opM_G2RLjZmG3T0qSOBRG1jhPPPaoBBtMWTK2Mzv1GNEN4rpQS98wnnAmptco7qKMkNkwEH88mw4JDQSDXVRrRRgl9RVRTFdIT-PrNLQaq9-Bgz1ViQY3EE93RSI9zbVd_wtQaQmWRB8BYYjj_wIZOqAWN7XUYB4X2Lvel7OIdEsh47SdxJr_k5kh7mCKSA5AYpx61X29OJ0aNQ",
    "errorCode":null,
    "errorData":null,
    "message":null,
    "success":true
}

