[2020-09-02 08:20:40,257 - Log.py - 36] - INFO:=======执行第001条用例开始： 登录 ========
[2020-09-02 08:20:40,262 - Log.py - 36] - INFO:
请求方法：POST
请求地址：https://mpsit.jus-link.com/api/usercenter-service/login
请求参数：{
    "clientId":"home",
    "password":"Jusda#123",
    "username":"HP02"
}
请求头部：
上传文件名称：
[2020-09-02 08:20:40,599 - Log.py - 36] - INFO:响应结果：
{
    "data":{
        "mustChangePassWord":false,
        "token":"eyJhbGciOiJSUzI1NiIsInR5cCI6IkpXVCJ9.eyJ0ZXJtaW5hbF90eXBlIjoid2ViIiwidXNlcl9uYW1lIjoiSFAwMiIsInNjb3BlIjpbInJlYWQiLCJ3cml0ZSIsImZvbyJdLCJhcHBsaWNhdGlvbl9jb2RlIjoiaG9tZSIsImV4cCI6MTU5OTA0MjA0MCwidXNlcmFjY291bnRfaWQiOiI0NDc1NjA2NjI4MjY0OTc2Mzg0IiwianRpIjoiYmNkYTBlNjYtZjc5Mi00ZDY0LTgzZWMtNmNhNWY5MDU5OThhIiwiY2xpZW50X2lkIjoiaG9tZSJ9.Mts0zIYtSEYznvNzlVEPaafbR6Ekkb-OWw_TCNRCGhg-SIzrUymFNtjVPY1vUyNu9X3WEmj2fQhQUFWY0cgH29AfVqnyA2xmSyRg6Wd6GqHf6ne-Jo22oRvB9SMQ_1FENeNlIRIkiH0LMbdX17adAobAj1efXSnnD1vZcgpqhLHSTvRGGfxqXg-ufYJbLIGADarNxDObuEMhd5OpMQLU6CdvI9g0N3-dMr-iqkyfBMv6f3o9guJYseHsxxapDUZmbRAg538nZpDODKN_NBsuPYSttS9EmiXXfeQ1oOpRcWShXJrwIlbG3bo3oA3mhVv2DgTExu39SwjbGAZlnR6yPA",
        "verificationCode":"lfMRqK"
    },
    "errorCode":null,
    "errorData":null,
    "message":null,
    "success":true
}
[2020-09-02 08:20:40,610 - Log.py - 36] - INFO:


[2020-09-02 08:20:40,612 - Log.py - 36] - INFO:=======执行第002条用例开始： identities_登录用户身份信息列表 ========
[2020-09-02 08:20:40,616 - Log.py - 36] - INFO:
请求方法：GET
请求地址：https://mpsit.jus-link.com/api/usercenter-service/identities
请求参数：
请求头部：{
    "Authorization":"Bearer eyJhbGciOiJSUzI1NiIsInR5cCI6IkpXVCJ9.eyJ0ZXJtaW5hbF90eXBlIjoid2ViIiwidXNlcl9uYW1lIjoiSFAwMiIsInNjb3BlIjpbInJlYWQiLCJ3cml0ZSIsImZvbyJdLCJhcHBsaWNhdGlvbl9jb2RlIjoiaG9tZSIsImV4cCI6MTU5OTA0MjA0MCwidXNlcmFjY291bnRfaWQiOiI0NDc1NjA2NjI4MjY0OTc2Mzg0IiwianRpIjoiYmNkYTBlNjYtZjc5Mi00ZDY0LTgzZWMtNmNhNWY5MDU5OThhIiwiY2xpZW50X2lkIjoiaG9tZSJ9.Mts0zIYtSEYznvNzlVEPaafbR6Ekkb-OWw_TCNRCGhg-SIzrUymFNtjVPY1vUyNu9X3WEmj2fQhQUFWY0cgH29AfVqnyA2xmSyRg6Wd6GqHf6ne-Jo22oRvB9SMQ_1FENeNlIRIkiH0LMbdX17adAobAj1efXSnnD1vZcgpqhLHSTvRGGfxqXg-ufYJbLIGADarNxDObuEMhd5OpMQLU6CdvI9g0N3-dMr-iqkyfBMv6f3o9guJYseHsxxapDUZmbRAg538nZpDODKN_NBsuPYSttS9EmiXXfeQ1oOpRcWShXJrwIlbG3bo3oA3mhVv2DgTExu39SwjbGAZlnR6yPA",
    "clientId":"Visual_transport_order"
}
上传文件名称：
[2020-09-02 08:20:40,879 - Log.py - 36] - INFO:响应结果：
{
    "data":[
        {
            "identityId":"4475607238150332416",
            "proxyAble":false,
            "tenant":{
                "code":"TEN_4403722516546199552",
                "company":{
                    "id":"4403721588833267713",
                    "name":"中国惠普有限公司"
                },
                "hasAppPermission":true,
                "id":"4403722516546199553",
                "name":"中国惠普有限公司",
                "simpleName":"惠普"
            }
        }
    ],
    "errorCode":null,
    "errorData":null,
    "message":null,
    "success":true
}
[2020-09-02 08:20:40,881 - Log.py - 36] - INFO:


[2020-09-02 08:20:40,885 - Log.py - 36] - INFO:=======执行第003条用例开始： 用户身份认证 ========
[2020-09-02 08:20:40,891 - Log.py - 36] - INFO:
请求方法：POST
请求地址：https://mpsit.jus-link.com/api/usercenter-service/authentication/login-as/4475607238150332416
请求参数：
请求头部：{
    "Authorization":"Bearer eyJhbGciOiJSUzI1NiIsInR5cCI6IkpXVCJ9.eyJ0ZXJtaW5hbF90eXBlIjoid2ViIiwidXNlcl9uYW1lIjoiSFAwMiIsInNjb3BlIjpbInJlYWQiLCJ3cml0ZSIsImZvbyJdLCJhcHBsaWNhdGlvbl9jb2RlIjoiaG9tZSIsImV4cCI6MTU5OTA0MjA0MCwidXNlcmFjY291bnRfaWQiOiI0NDc1NjA2NjI4MjY0OTc2Mzg0IiwianRpIjoiYmNkYTBlNjYtZjc5Mi00ZDY0LTgzZWMtNmNhNWY5MDU5OThhIiwiY2xpZW50X2lkIjoiaG9tZSJ9.Mts0zIYtSEYznvNzlVEPaafbR6Ekkb-OWw_TCNRCGhg-SIzrUymFNtjVPY1vUyNu9X3WEmj2fQhQUFWY0cgH29AfVqnyA2xmSyRg6Wd6GqHf6ne-Jo22oRvB9SMQ_1FENeNlIRIkiH0LMbdX17adAobAj1efXSnnD1vZcgpqhLHSTvRGGfxqXg-ufYJbLIGADarNxDObuEMhd5OpMQLU6CdvI9g0N3-dMr-iqkyfBMv6f3o9guJYseHsxxapDUZmbRAg538nZpDODKN_NBsuPYSttS9EmiXXfeQ1oOpRcWShXJrwIlbG3bo3oA3mhVv2DgTExu39SwjbGAZlnR6yPA",
    "clientId":"Visual_transport_order"
}
上传文件名称：
[2020-09-02 08:20:41,153 - Log.py - 36] - INFO:响应结果：
{
    "data":null,
    "errorCode":null,
    "errorData":null,
    "message":null,
    "success":true
}
[2020-09-02 08:20:41,155 - Log.py - 36] - INFO:


[2020-09-02 08:20:41,162 - Log.py - 36] - INFO:=======执行第004条用例开始： 获取token ========
[2020-09-02 08:20:41,168 - Log.py - 36] - INFO:
请求方法：GET
请求地址：https://mpsit.jus-link.com/api/usercenter-service/authentication/oauth/token
请求参数：{
    "code":"lfMRqK"
}
请求头部：{
    "Authorization":"Bearer eyJhbGciOiJSUzI1NiIsInR5cCI6IkpXVCJ9.eyJ0ZXJtaW5hbF90eXBlIjoid2ViIiwidXNlcl9uYW1lIjoiSFAwMiIsInNjb3BlIjpbInJlYWQiLCJ3cml0ZSIsImZvbyJdLCJhcHBsaWNhdGlvbl9jb2RlIjoiaG9tZSIsImV4cCI6MTU5OTA0MjA0MCwidXNlcmFjY291bnRfaWQiOiI0NDc1NjA2NjI4MjY0OTc2Mzg0IiwianRpIjoiYmNkYTBlNjYtZjc5Mi00ZDY0LTgzZWMtNmNhNWY5MDU5OThhIiwiY2xpZW50X2lkIjoiaG9tZSJ9.Mts0zIYtSEYznvNzlVEPaafbR6Ekkb-OWw_TCNRCGhg-SIzrUymFNtjVPY1vUyNu9X3WEmj2fQhQUFWY0cgH29AfVqnyA2xmSyRg6Wd6GqHf6ne-Jo22oRvB9SMQ_1FENeNlIRIkiH0LMbdX17adAobAj1efXSnnD1vZcgpqhLHSTvRGGfxqXg-ufYJbLIGADarNxDObuEMhd5OpMQLU6CdvI9g0N3-dMr-iqkyfBMv6f3o9guJYseHsxxapDUZmbRAg538nZpDODKN_NBsuPYSttS9EmiXXfeQ1oOpRcWShXJrwIlbG3bo3oA3mhVv2DgTExu39SwjbGAZlnR6yPA",
    "clientId":"Visual_transport_order"
}
上传文件名称：
[2020-09-02 08:20:41,361 - Log.py - 36] - INFO:响应结果：
{
    "data":"eyJhbGciOiJSUzI1NiIsInR5cCI6IkpXVCJ9.eyJ0ZXJtaW5hbF90eXBlIjoid2ViIiwidXNlcl9uYW1lIjoiSFAwMiIsInNjb3BlIjpbInJlYWQiLCJ3cml0ZSIsImZvbyJdLCJhcHBsaWNhdGlvbl9jb2RlIjoiaG9tZSIsImV4cCI6MTU5OTA0MjA0MCwidXNlcmFjY291bnRfaWQiOiI0NDc1NjA2NjI4MjY0OTc2Mzg0IiwianRpIjoiYmNkYTBlNjYtZjc5Mi00ZDY0LTgzZWMtNmNhNWY5MDU5OThhIiwiY2xpZW50X2lkIjoiaG9tZSJ9.Mts0zIYtSEYznvNzlVEPaafbR6Ekkb-OWw_TCNRCGhg-SIzrUymFNtjVPY1vUyNu9X3WEmj2fQhQUFWY0cgH29AfVqnyA2xmSyRg6Wd6GqHf6ne-Jo22oRvB9SMQ_1FENeNlIRIkiH0LMbdX17adAobAj1efXSnnD1vZcgpqhLHSTvRGGfxqXg-ufYJbLIGADarNxDObuEMhd5OpMQLU6CdvI9g0N3-dMr-iqkyfBMv6f3o9guJYseHsxxapDUZmbRAg538nZpDODKN_NBsuPYSttS9EmiXXfeQ1oOpRcWShXJrwIlbG3bo3oA3mhVv2DgTExu39SwjbGAZlnR6yPA",
    "errorCode":null,
    "errorData":null,
    "message":null,
    "success":true
}
[2020-09-02 08:20:41,363 - Log.py - 36] - INFO:


[2020-09-02 08:20:41,368 - Log.py - 36] - INFO:=======执行第005条用例开始： 运输下单-服务类型-localeCodeEq输入zh_CN ========
[2020-09-02 08:20:41,372 - Log.py - 36] - INFO:
请求方法：POST
请求地址：https://mpsit.jus-link.com/api/juslink-sccp-shipment-demand-app/shipment-basic/server-level
请求参数：{
    "codeEq":"",
    "generalCodeIn":[
        "SEL_D2D",
        "SEL_D2C",
        "SEL_D2F",
        "SEL_C2D",
        "SEL_C2C",
        "SEL_C2F",
        "SEL_F2D",
        "SEL_F2C",
        "SEL_F2F"
    ],
    "localeCodeEq":"zh_CN",
    "nameLike":""
}
请求头部：{
    "Authorization":"eyJhbGciOiJSUzI1NiIsInR5cCI6IkpXVCJ9.eyJ0ZXJtaW5hbF90eXBlIjoid2ViIiwidXNlcl9uYW1lIjoiSFAwMiIsInNjb3BlIjpbInJlYWQiLCJ3cml0ZSIsImZvbyJdLCJhcHBsaWNhdGlvbl9jb2RlIjoiaG9tZSIsImV4cCI6MTU5OTA0MjA0MCwidXNlcmFjY291bnRfaWQiOiI0NDc1NjA2NjI4MjY0OTc2Mzg0IiwianRpIjoiYmNkYTBlNjYtZjc5Mi00ZDY0LTgzZWMtNmNhNWY5MDU5OThhIiwiY2xpZW50X2lkIjoiaG9tZSJ9.Mts0zIYtSEYznvNzlVEPaafbR6Ekkb-OWw_TCNRCGhg-SIzrUymFNtjVPY1vUyNu9X3WEmj2fQhQUFWY0cgH29AfVqnyA2xmSyRg6Wd6GqHf6ne-Jo22oRvB9SMQ_1FENeNlIRIkiH0LMbdX17adAobAj1efXSnnD1vZcgpqhLHSTvRGGfxqXg-ufYJbLIGADarNxDObuEMhd5OpMQLU6CdvI9g0N3-dMr-iqkyfBMv6f3o9guJYseHsxxapDUZmbRAg538nZpDODKN_NBsuPYSttS9EmiXXfeQ1oOpRcWShXJrwIlbG3bo3oA3mhVv2DgTExu39SwjbGAZlnR6yPA",
    "Content-Type":"application/json",
    "accept-language":"en-US",
    "clientId":"client"
}
上传文件名称：
[2020-09-02 08:20:41,793 - Log.py - 36] - INFO:响应结果：
{
    "data":[
        {
            "code":"D2D",
            "defaultFlag":"TRUE",
            "description":"",
            "id":"SEL_D2D",
            "name":"Door to Door"
        },
        {
            "code":"D2C",
            "defaultFlag":"TRUE",
            "description":"",
            "id":"SEL_D2C",
            "name":"Door To CY"
        },
        {
            "code":"D2F",
            "defaultFlag":"TRUE",
            "description":"",
            "id":"SEL_D2F",
            "name":"Door To CFS"
        },
        {
            "code":"C2D",
            "defaultFlag":"TRUE",
            "description":"",
            "id":"SEL_C2D",
            "name":"CY To Door"
        },
        {
            "code":"C2C",
            "defaultFlag":"TRUE",
            "description":"",
            "id":"SEL_C2C",
            "name":"CY To CY"
        },
        {
            "code":"C2F",
            "defaultFlag":"TRUE",
            "description":"",
            "id":"SEL_C2F",
            "name":"CY To CFS"
        },
        {
            "code":"F2D",
            "defaultFlag":"TRUE",
            "description":"",
            "id":"SEL_F2D",
            "name":"CFS To Door"
        },
        {
            "code":"F2C",
            "defaultFlag":"TRUE",
            "description":"",
            "id":"SEL_F2C",
            "name":"CFS To CY"
        },
        {
            "code":"F2F",
            "defaultFlag":"TRUE",
            "description":"",
            "id":"SEL_F2F",
            "name":"CFS To CFS"
        }
    ],
    "success":true
}
[2020-09-02 08:20:41,802 - Log.py - 36] - INFO:预期结果的success:True，实际结果的success:True
[2020-09-02 08:20:41,804 - Log.py - 36] - INFO:断言结果：self.assertEqual("True","True")
[2020-09-02 08:20:41,805 - Log.py - 36] - INFO:


[2020-09-02 08:20:41,808 - Log.py - 36] - INFO:=======执行第006条用例开始： 运输下单-服务类型-codeEq输入D2D ========
[2020-09-02 08:20:41,815 - Log.py - 36] - INFO:
请求方法：POST
请求地址：https://mpsit.jus-link.com/api/juslink-sccp-shipment-demand-app/shipment-basic/server-level
请求参数：{
    "codeEq":"D2D",
    "generalCodeIn":[
        "SEL_D2D",
        "SEL_D2F"
    ],
    "localeCodeEq":"en_US",
    "nameLike":""
}
请求头部：{
    "Authorization":"eyJhbGciOiJSUzI1NiIsInR5cCI6IkpXVCJ9.eyJ0ZXJtaW5hbF90eXBlIjoid2ViIiwidXNlcl9uYW1lIjoiSFAwMiIsInNjb3BlIjpbInJlYWQiLCJ3cml0ZSIsImZvbyJdLCJhcHBsaWNhdGlvbl9jb2RlIjoiaG9tZSIsImV4cCI6MTU5OTA0MjA0MCwidXNlcmFjY291bnRfaWQiOiI0NDc1NjA2NjI4MjY0OTc2Mzg0IiwianRpIjoiYmNkYTBlNjYtZjc5Mi00ZDY0LTgzZWMtNmNhNWY5MDU5OThhIiwiY2xpZW50X2lkIjoiaG9tZSJ9.Mts0zIYtSEYznvNzlVEPaafbR6Ekkb-OWw_TCNRCGhg-SIzrUymFNtjVPY1vUyNu9X3WEmj2fQhQUFWY0cgH29AfVqnyA2xmSyRg6Wd6GqHf6ne-Jo22oRvB9SMQ_1FENeNlIRIkiH0LMbdX17adAobAj1efXSnnD1vZcgpqhLHSTvRGGfxqXg-ufYJbLIGADarNxDObuEMhd5OpMQLU6CdvI9g0N3-dMr-iqkyfBMv6f3o9guJYseHsxxapDUZmbRAg538nZpDODKN_NBsuPYSttS9EmiXXfeQ1oOpRcWShXJrwIlbG3bo3oA3mhVv2DgTExu39SwjbGAZlnR6yPA",
    "Content-Type":"application/json",
    "accept-language":"en-US",
    "clientId":"client"
}
上传文件名称：
[2020-09-02 08:20:42,074 - Log.py - 36] - INFO:响应结果：
{
    "data":[
        {
            "code":"D2D",
            "defaultFlag":"TRUE",
            "description":"",
            "id":"SEL_D2D",
            "name":"Door to Door"
        }
    ],
    "success":true
}
[2020-09-02 08:20:42,075 - Log.py - 36] - INFO:预期结果的success:True，实际结果的success:True
[2020-09-02 08:20:42,076 - Log.py - 36] - INFO:预期结果的code:D2D，实际结果的code:D2D
[2020-09-02 08:20:42,078 - Log.py - 36] - INFO:断言结果：self.assertEqual("True","True")
[2020-09-02 08:20:42,079 - Log.py - 36] - INFO:断言结果：self.assertEqual("D2D","D2D")
[2020-09-02 08:20:42,080 - Log.py - 36] - INFO:


[2020-09-02 08:20:42,083 - Log.py - 36] - INFO:=======执行第007条用例开始： 运输下单-固定电话区号 ========
[2020-09-02 08:20:42,088 - Log.py - 36] - INFO:
请求方法：GET
请求地址：https://mpsit.jus-link.com/api/jusda-basic/international-areas
请求参数：
请求头部：{
    "Authorization":"eyJhbGciOiJSUzI1NiIsInR5cCI6IkpXVCJ9.eyJ0ZXJtaW5hbF90eXBlIjoid2ViIiwidXNlcl9uYW1lIjoiSFAwMiIsInNjb3BlIjpbInJlYWQiLCJ3cml0ZSIsImZvbyJdLCJhcHBsaWNhdGlvbl9jb2RlIjoiaG9tZSIsImV4cCI6MTU5OTA0MjA0MCwidXNlcmFjY291bnRfaWQiOiI0NDc1NjA2NjI4MjY0OTc2Mzg0IiwianRpIjoiYmNkYTBlNjYtZjc5Mi00ZDY0LTgzZWMtNmNhNWY5MDU5OThhIiwiY2xpZW50X2lkIjoiaG9tZSJ9.Mts0zIYtSEYznvNzlVEPaafbR6Ekkb-OWw_TCNRCGhg-SIzrUymFNtjVPY1vUyNu9X3WEmj2fQhQUFWY0cgH29AfVqnyA2xmSyRg6Wd6GqHf6ne-Jo22oRvB9SMQ_1FENeNlIRIkiH0LMbdX17adAobAj1efXSnnD1vZcgpqhLHSTvRGGfxqXg-ufYJbLIGADarNxDObuEMhd5OpMQLU6CdvI9g0N3-dMr-iqkyfBMv6f3o9guJYseHsxxapDUZmbRAg538nZpDODKN_NBsuPYSttS9EmiXXfeQ1oOpRcWShXJrwIlbG3bo3oA3mhVv2DgTExu39SwjbGAZlnR6yPA",
    "Content-Type":"application/json",
    "accept-language":"en-US",
    "clientId":"client"
}
上传文件名称：
[2020-09-02 08:20:42,323 - Log.py - 36] - INFO:响应结果：
{
    "code":"00000",
    "message":"操作成功",
    "result":[
        {
            "countryCode":"AF",
            "countryName":"Afghanistan",
            "countryNameLocal":"阿富汗",
            "phoneAreaCode":93
        },
        {
            "countryCode":"AL",
            "countryName":"Albania",
            "countryNameLocal":"阿尔巴尼亚",
            "phoneAreaCode":355
        },
        {
            "countryCode":"DZ",
            "countryName":"Algeria",
            "countryNameLocal":"阿尔及利亚",
            "phoneAreaCode":213
        },
        {
            "countryCode":"AD",
            "countryName":"Andorra",
            "countryNameLocal":"安道尔共和国",
            "phoneAreaCode":376
        },
        {
            "countryCode":"AO",
            "countryName":"Angola",
            "countryNameLocal":"安哥拉",
            "phoneAreaCode":244
        },
        {
            "countryCode":"AI",
            "countryName":"Anguilla",
            "countryNameLocal":"安圭拉岛",
            "phoneAreaCode":1264
        },
        {
            "countryCode":"AG",
            "countryName":"Antigua and Barbuda",
            "countryNameLocal":"安提瓜和巴布达",
            "phoneAreaCode":1268
        },
        {
            "countryCode":"AR",
            "countryName":"Argentina",
            "countryNameLocal":"阿根廷",
            "phoneAreaCode":54
        },
        {
            "countryCode":"AM",
            "countryName":"Armenia",
            "countryNameLocal":"亚美尼亚",
            "phoneAreaCode":374
        },
        {
            "countryCode":"AC",
            "countryName":"Ascension",
            "countryNameLocal":"阿森松",
            "phoneAreaCode":247
        },
        {
            "countryCode":"AU",
            "countryName":"Australia",
            "countryNameLocal":"澳大利亚",
            "phoneAreaCode":61
        },
        {
            "countryCode":"AT",
            "countryName":"Austria",
            "countryNameLocal":"奥地利",
            "phoneAreaCode":43
        },
        {
            "countryCode":"AZ",
            "countryName":"Azerbaijan",
            "countryNameLocal":"阿塞拜疆",
            "phoneAreaCode":994
        },
        {
            "countryCode":"BS",
            "countryName":"Bahamas",
            "countryNameLocal":"巴哈马",
            "phoneAreaCode":1242
        },
        {
            "countryCode":"BH",
            "countryName":"Bahrain",
            "countryNameLocal":"巴林",
            "phoneAreaCode":973
        },
        {
            "countryCode":"BD",
            "countryName":"Bangladesh",
            "countryNameLocal":"孟加拉国",
            "phoneAreaCode":880
        },
        {
            "countryCode":"BB",
            "countryName":"Barbados",
            "countryNameLocal":"巴巴多斯",
            "phoneAreaCode":1246
        },
        {
            "countryCode":"BY",
            "countryName":"Belarus",
            "countryNameLocal":"白俄罗斯",
            "phoneAreaCode":375
        },
        {
            "countryCode":"BE",
            "countryName":"Belgium",
            "countryNameLocal":"比利时",
            "phoneAreaCode":32
        },
        {
            "countryCode":"BZ",
            "countryName":"Belize",
            "countryNameLocal":"伯利兹",
            "phoneAreaCode":501
        },
        {
            "countryCode":"BJ",
            "countryName":"Benin",
            "countryNameLocal":"贝宁",
            "phoneAreaCode":229
        },
        {
            "countryCode":"BM",
            "countryName":"Bermuda Is.",
            "countryNameLocal":"百慕大群岛",
            "phoneAreaCode":1441
        },
        {
            "countryCode":"BO",
            "countryName":"Bolivia",
            "countryNameLocal":"玻利维亚",
            "phoneAreaCode":591
        },
        {
            "countryCode":"BW",
            "countryName":"Botswana",
            "countryNameLocal":"博茨瓦纳",
            "phoneAreaCode":267
        },
        {
            "countryCode":"BR",
            "countryName":"Brazil",
            "countryNameLocal":"巴西",
            "phoneAreaCode":55
        },
        {
            "countryCode":"BN",
            "countryName":"Brunei",
            "countryNameLocal":"文莱",
            "phoneAreaCode":673
        },
        {
            "countryCode":"BG",
            "countryName":"Bulgaria",
            "countryNameLocal":"保加利亚",
            "phoneAreaCode":359
        },
        {
            "countryCode":"BF",
            "countryName":"Burkina-faso",
            "countryNameLocal":"布基纳法索",
            "phoneAreaCode":226
        },
        {
            "countryCode":"MM",
            "countryName":"Burma",
            "countryNameLocal":"缅甸",
            "phoneAreaCode":95
        },
        {
            "countryCode":"BI",
            "countryName":"Burundi",
            "countryNameLocal":"布隆迪",
            "phoneAreaCode":257
        },
        {
            "countryCode":"CM",
            "countryName":"Cameroon",
            "countryNameLocal":"喀麦隆",
            "phoneAreaCode":237
        },
        {
            "countryCode":"CA",
            "countryName":"Canada",
            "countryNameLocal":"加拿大",
            "phoneAreaCode":1
        },
        {
            "countryCode":"KY",
            "countryName":"Cayman Is.",
            "countryNameLocal":"开曼群岛",
            "phoneAreaCode":1345
        },
        {
            "countryCode":"CF",
            "countryName":"Central African Republic",
            "countryNameLocal":"中非共和国",
            "phoneAreaCode":236
        },
        {
            "countryCode":"TD",
            "countryName":"Chad",
            "countryNameLocal":"乍得",
            "phoneAreaCode":235
        },
        {
            "countryCode":"CL",
            "countryName":"Chile",
            "countryNameLocal":"智利",
            "phoneAreaCode":56
        },
        {
            "countryCode":"CN",
            "countryName":"China",
            "countryNameLocal":"中国",
            "phoneAreaCode":86
        },
        {
            "countryCode":"CO",
            "countryName":"Colombia",
            "countryNameLocal":"哥伦比亚",
            "phoneAreaCode":57
        },
        {
            "countryCode":"CG",
            "countryName":"Congo",
            "countryNameLocal":"刚果",
            "phoneAreaCode":242
        },
        {
            "countryCode":"CK",
            "countryName":"Cook Is.",
            "countryNameLocal":"库克群岛",
            "phoneAreaCode":682
        },
        {
            "countryCode":"CR",
            "countryName":"Costa Rica",
            "countryNameLocal":"哥斯达黎加",
            "phoneAreaCode":506
        },
        {
            "countryCode":"CU",
            "countryName":"Cuba",
            "countryNameLocal":"古巴",
            "phoneAreaCode":53
        },
        {
            "countryCode":"CY",
            "countryName":"Cyprus",
            "countryNameLocal":"塞浦路斯",
            "phoneAreaCode":357
        },
        {
            "countryCode":"CZ",
            "countryName":"Czech",
            "countryNameLocal":"捷克",
            "phoneAreaCode":420
        },
        {
            "countryCode":"DK",
            "countryName":"Denmark",
            "countryNameLocal":"丹麦",
            "phoneAreaCode":45
        },
        {
            "countryCode":"DJ",
            "countryName":"Djibouti",
            "countryNameLocal":"吉布提",
            "phoneAreaCode":253
        },
        {
            "countryCode":"DO",
            "countryName":"Dominica Rep.",
            "countryNameLocal":"多米尼加共和国",
            "phoneAreaCode":1890
        },
        {
            "countryCode":"EC",
            "countryName":"Ecuador",
            "countryNameLocal":"厄瓜多尔",
            "phoneAreaCode":593
        },
        {
            "countryCode":"EG",
            "countryName":"Egypt",
            "countryNameLocal":"埃及",
            "phoneAreaCode":20
        },
        {
            "countryCode":"SV",
            "countryName":"EI Salvador",
            "countryNameLocal":"萨尔瓦多",
            "phoneAreaCode":503
        },
        {
            "countryCode":"EE",
            "countryName":"Estonia",
            "countryNameLocal":"爱沙尼亚",
            "phoneAreaCode":372
        },
        {
            "countryCode":"ET",
            "countryName":"Ethiopia",
            "countryNameLocal":"埃塞俄比亚",
            "phoneAreaCode":251
        },
        {
            "countryCode":"FJ",
            "countryName":"Fiji",
            "countryNameLocal":"斐济",
            "phoneAreaCode":679
        },
        {
            "countryCode":"FI",
            "countryName":"Finland",
            "countryNameLocal":"芬兰",
            "phoneAreaCode":358
        },
        {
            "countryCode":"FR",
            "countryName":"France",
            "countryNameLocal":"法国",
            "phoneAreaCode":33
        },
        {
            "countryCode":"GF",
            "countryName":"French Guiana",
            "countryNameLocal":"法属圭亚那",
            "phoneAreaCode":594
        },
        {
            "countryCode":"PF",
            "countryName":"French Polynesia",
            "countryNameLocal":"法属玻利尼西亚",
            "phoneAreaCode":689
        },
        {
            "countryCode":"GA",
            "countryName":"Gabon",
            "countryNameLocal":"加蓬",
            "phoneAreaCode":241
        },
        {
            "countryCode":"GM",
            "countryName":"Gambia",
            "countryNameLocal":"冈比亚",
            "phoneAreaCode":220
        },
        {
            "countryCode":"GE",
            "countryName":"Georgia",
            "countryNameLocal":"格鲁吉亚",
            "phoneAreaCode":995
        },
        {
            "countryCode":"DE",
            "countryName":"Germany",
            "countryNameLocal":"德国",
            "phoneAreaCode":49
        },
        {
            "countryCode":"GH",
            "countryName":"Ghana",
            "countryNameLocal":"加纳",
            "phoneAreaCode":233
        },
        {
            "countryCode":"GI",
            "countryName":"Gibraltar",
            "countryNameLocal":"直布罗陀",
            "phoneAreaCode":350
        },
        {
            "countryCode":"GR",
            "countryName":"Greece",
            "countryNameLocal":"希腊",
            "phoneAreaCode":30
        },
        {
            "countryCode":"GD",
            "countryName":"Grenada",
            "countryNameLocal":"格林纳达",
            "phoneAreaCode":1809
        },
        {
            "countryCode":"GU",
            "countryName":"Guam",
            "countryNameLocal":"关岛",
            "phoneAreaCode":1671
        },
        {
            "countryCode":"GT",
            "countryName":"Guatemala",
            "countryNameLocal":"危地马拉",
            "phoneAreaCode":502
        },
        {
            "countryCode":"GN",
            "countryName":"Guinea",
            "countryNameLocal":"几内亚",
            "phoneAreaCode":224
        },
        {
            "countryCode":"GY",
            "countryName":"Guyana",
            "countryNameLocal":"圭亚那",
            "phoneAreaCode":592
        },
        {
            "countryCode":"HT",
            "countryName":"Haiti",
            "countryNameLocal":"海地",
            "phoneAreaCode":509
        },
        {
            "countryCode":"HN",
            "countryName":"Honduras",
            "countryNameLocal":"洪都拉斯",
            "phoneAreaCode":504
        },
        {
            "countryCode":"HK",
            "countryName":"Hongkong",
            "countryNameLocal":"中国香港",
            "phoneAreaCode":852
        },
        {
            "countryCode":"HU",
            "countryName":"Hungary",
            "countryNameLocal":"匈牙利",
            "phoneAreaCode":36
        },
        {
            "countryCode":"IS",
            "countryName":"Iceland",
            "countryNameLocal":"冰岛",
            "phoneAreaCode":354
        },
        {
            "countryCode":"IN",
            "countryName":"India",
            "countryNameLocal":"印度",
            "phoneAreaCode":91
        },
        {
            "countryCode":"ID",
            "countryName":"Indonesia",
            "countryNameLocal":"印度尼西亚",
            "phoneAreaCode":62
        },
        {
            "countryCode":"IR",
            "countryName":"Iran",
            "countryNameLocal":"伊朗",
            "phoneAreaCode":98
        },
        {
            "countryCode":"IQ",
            "countryName":"Iraq",
            "countryNameLocal":"伊拉克",
            "phoneAreaCode":964
        },
        {
            "countryCode":"IE",
            "countryName":"Ireland",
            "countryNameLocal":"爱尔兰",
            "phoneAreaCode":353
        },
        {
            "countryCode":"IL",
            "countryName":"Israel",
            "countryNameLocal":"以色列",
            "phoneAreaCode":972
        },
        {
            "countryCode":"IT",
            "countryName":"Italy",
            "countryNameLocal":"意大利",
            "phoneAreaCode":39
        },
        {
            "countryCode":"KT",
            "countryName":"Ivory Coast",
            "countryNameLocal":"科特迪瓦",
            "phoneAreaCode":225
        },
        {
            "countryCode":"JM",
            "countryName":"Jamaica",
            "countryNameLocal":"牙买加",
            "phoneAreaCode":1876
        },
        {
            "countryCode":"JP",
            "countryName":"Japan",
            "countryNameLocal":"日本",
            "phoneAreaCode":81
        },
        {
            "countryCode":"JO",
            "countryName":"Jordan",
            "countryNameLocal":"约旦",
            "phoneAreaCode":962
        },
        {
            "countryCode":"KH",
            "countryName":"Kampuchea （Cambodia）",
            "countryNameLocal":"柬埔寨",
            "phoneAreaCode":855
        },
        {
            "countryCode":"KZ",
            "countryName":"Kazakstan",
            "countryNameLocal":"哈萨克斯坦",
            "phoneAreaCode":327
        },
        {
            "countryCode":"KE",
            "countryName":"Kenya",
            "countryNameLocal":"肯尼亚",
            "phoneAreaCode":254
        },
        {
            "countryCode":"KR",
            "countryName":"Korea",
            "countryNameLocal":"韩国",
            "phoneAreaCode":82
        },
        {
            "countryCode":"KW",
            "countryName":"Kuwait",
            "countryNameLocal":"科威特",
            "phoneAreaCode":965
        },
        {
            "countryCode":"KG",
            "countryName":"Kyrgyzstan",
            "countryNameLocal":"吉尔吉斯坦",
            "phoneAreaCode":331
        },
        {
            "countryCode":"LA",
            "countryName":"Laos",
            "countryNameLocal":"老挝",
            "phoneAreaCode":856
        },
        {
            "countryCode":"LV",
            "countryName":"Latvia",
            "countryNameLocal":"拉脱维亚",
            "phoneAreaCode":371
        },
        {
            "countryCode":"LB",
            "countryName":"Lebanon",
            "countryNameLocal":"黎巴嫩",
            "phoneAreaCode":961
        },
        {
            "countryCode":"LS",
            "countryName":"Lesotho",
            "countryNameLocal":"莱索托",
            "phoneAreaCode":266
        },
        {
            "countryCode":"LR",
            "countryName":"Liberia",
            "countryNameLocal":"利比里亚",
            "phoneAreaCode":231
        },
        {
            "countryCode":"LY",
            "countryName":"Libya",
            "countryNameLocal":"利比亚",
            "phoneAreaCode":218
        },
        {
            "countryCode":"LI",
            "countryName":"Liechtenstein",
            "countryNameLocal":"列支敦士登",
            "phoneAreaCode":423
        },
        {
            "countryCode":"LT",
            "countryName":"Lithuania",
            "countryNameLocal":"立陶宛",
            "phoneAreaCode":370
        },
        {
            "countryCode":"LU",
            "countryName":"Luxembourg",
            "countryNameLocal":"卢森堡",
            "phoneAreaCode":352
        },
        {
            "countryCode":"MO",
            "countryName":"Macao",
            "countryNameLocal":"中国澳门",
            "phoneAreaCode":853
        },
        {
            "countryCode":"MG",
            "countryName":"Madagascar",
            "countryNameLocal":"马达加斯加",
            "phoneAreaCode":261
        },
        {
            "countryCode":"MW",
            "countryName":"Malawi",
            "countryNameLocal":"马拉维",
            "phoneAreaCode":265
        },
        {
            "countryCode":"MY",
            "countryName":"Malaysia",
            "countryNameLocal":"马来西亚",
            "phoneAreaCode":60
        },
        {
            "countryCode":"MV",
            "countryName":"Maldives",
            "countryNameLocal":"马尔代夫",
            "phoneAreaCode":960
        },
        {
            "countryCode":"ML",
            "countryName":"Mali",
            "countryNameLocal":"马里",
            "phoneAreaCode":223
        },
        {
            "countryCode":"MT",
            "countryName":"Malta",
            "countryNameLocal":"马耳他",
            "phoneAreaCode":356
        },
        {
            "countryCode":"MP",
            "countryName":"Mariana Is",
            "countryNameLocal":"马里亚那群岛",
            "phoneAreaCode":1670
        },
        {
            "countryCode":"MQ",
            "countryName":"Martinique",
            "countryNameLocal":"马提尼克",
            "phoneAreaCode":596
        },
        {
            "countryCode":"MU",
            "countryName":"Mauritius",
            "countryNameLocal":"毛里求斯",
            "phoneAreaCode":230
        },
        {
            "countryCode":"MX",
            "countryName":"Mexico",
            "countryNameLocal":"墨西哥",
            "phoneAreaCode":52
        },
        {
            "countryCode":"MD",
            "countryName":"Moldova Republic of",
            "countryNameLocal":"摩尔多瓦",
            "phoneAreaCode":373
        },
        {
            "countryCode":"MC",
            "countryName":"Monaco",
            "countryNameLocal":"摩纳哥",
            "phoneAreaCode":377
        },
        {
            "countryCode":"MN",
            "countryName":"Mongolia",
            "countryNameLocal":"蒙古",
            "phoneAreaCode":976
        },
        {
            "countryCode":"MS",
            "countryName":"Montserrat Is",
            "countryNameLocal":"蒙特塞拉特岛",
            "phoneAreaCode":1664
        },
        {
            "countryCode":"MA",
            "countryName":"Morocco",
            "countryNameLocal":"摩洛哥",
            "phoneAreaCode":212
        },
        {
            "countryCode":"MZ",
            "countryName":"Mozambique",
            "countryNameLocal":"莫桑比克",
            "phoneAreaCode":258
        },
        {
            "countryCode":"NA",
            "countryName":"Namibia",
            "countryNameLocal":"纳米比亚",
            "phoneAreaCode":264
        },
        {
            "countryCode":"NR",
            "countryName":"Nauru",
            "countryNameLocal":"瑙鲁",
            "phoneAreaCode":674
        },
        {
            "countryCode":"NP",
            "countryName":"Nepal",
            "countryNameLocal":"尼泊尔",
            "phoneAreaCode":977
        },
        {
            "countryCode":"AN",
            "countryName":"Netheriands Antilles",
            "countryNameLocal":"荷属安的列斯",
            "phoneAreaCode":599
        },
        {
            "countryCode":"NL",
            "countryName":"Netherlands",
            "countryNameLocal":"荷兰",
            "phoneAreaCode":31
        },
        {
            "countryCode":"NZ",
            "countryName":"New Zealand",
            "countryNameLocal":"新西兰",
            "phoneAreaCode":64
        },
        {
            "countryCode":"NI",
            "countryName":"Nicaragua",
            "countryNameLocal":"尼加拉瓜",
            "phoneAreaCode":505
        },
        {
            "countryCode":"NE",
            "countryName":"Niger",
            "countryNameLocal":"尼日尔",
            "phoneAreaCode":227
        },
        {
            "countryCode":"NG",
            "countryName":"Nigeria",
            "countryNameLocal":"尼日利亚",
            "phoneAreaCode":234
        },
        {
            "countryCode":"KP",
            "countryName":"North Korea",
            "countryNameLocal":"朝鲜",
            "phoneAreaCode":850
        },
        {
            "countryCode":"NO",
            "countryName":"Norway",
            "countryNameLocal":"挪威",
            "phoneAreaCode":47
        },
        {
            "countryCode":"OM",
            "countryName":"Oman",
            "countryNameLocal":"阿曼",
            "phoneAreaCode":968
        },
        {
            "countryCode":"PK",
            "countryName":"Pakistan",
            "countryNameLocal":"巴基斯坦",
            "phoneAreaCode":92
        },
        {
            "countryCode":"PA",
            "countryName":"Panama",
            "countryNameLocal":"巴拿马",
            "phoneAreaCode":507
        },
        {
            "countryCode":"PG",
            "countryName":"Papua New Cuinea",
            "countryNameLocal":"巴布亚新几内亚",
            "phoneAreaCode":675
        },
        {
            "countryCode":"PY",
            "countryName":"Paraguay",
            "countryNameLocal":"巴拉圭",
            "phoneAreaCode":595
        },
        {
            "countryCode":"PE",
            "countryName":"Peru",
            "countryNameLocal":"秘鲁",
            "phoneAreaCode":51
        },
        {
            "countryCode":"PH",
            "countryName":"Philippines",
            "countryNameLocal":"菲律宾",
            "phoneAreaCode":63
        },
        {
            "countryCode":"PL",
            "countryName":"Poland",
            "countryNameLocal":"波兰",
            "phoneAreaCode":48
        },
        {
            "countryCode":"PT",
            "countryName":"Portugal",
            "countryNameLocal":"葡萄牙",
            "phoneAreaCode":351
        },
        {
            "countryCode":"PR",
            "countryName":"Puerto Rico",
            "countryNameLocal":"波多黎各",
            "phoneAreaCode":1787
        },
        {
            "countryCode":"QA",
            "countryName":"Qatar",
            "countryNameLocal":"卡塔尔",
            "phoneAreaCode":974
        },
        {
            "countryCode":"RE",
            "countryName":"Reunion",
            "countryNameLocal":"留尼旺",
            "phoneAreaCode":262
        },
        {
            "countryCode":"RO",
            "countryName":"Romania",
            "countryNameLocal":"罗马尼亚",
            "phoneAreaCode":40
        },
        {
            "countryCode":"RU",
            "countryName":"Russia",
            "countryNameLocal":"俄罗斯",
            "phoneAreaCode":7
        },
        {
            "countryCode":"LC",
            "countryName":"Saint Lueia",
            "countryNameLocal":"圣卢西亚",
            "phoneAreaCode":1758
        },
        {
            "countryCode":"VC",
            "countryName":"Saint Vincent",
            "countryNameLocal":"圣文森特岛",
            "phoneAreaCode":1784
        },
        {
            "countryCode":"AS",
            "countryName":"Samoa Eastern",
            "countryNameLocal":"东萨摩亚(美)",
            "phoneAreaCode":684
        },
        {
            "countryCode":"WS",
            "countryName":"Samoa Western",
            "countryNameLocal":"西萨摩亚",
            "phoneAreaCode":685
        },
        {
            "countryCode":"SM",
            "countryName":"San Marino",
            "countryNameLocal":"圣马力诺",
            "phoneAreaCode":378
        },
        {
            "countryCode":"ST",
            "countryName":"Sao Tome and Principe",
            "countryNameLocal":"圣多美和普林西比",
            "phoneAreaCode":239
        },
        {
            "countryCode":"SA",
            "countryName":"Saudi Arabia",
            "countryNameLocal":"沙特阿拉伯",
            "phoneAreaCode":966
        },
        {
            "countryCode":"SN",
            "countryName":"Senegal",
            "countryNameLocal":"塞内加尔",
            "phoneAreaCode":221
        },
        {
            "countryCode":"SC",
            "countryName":"Seychelles",
            "countryNameLocal":"塞舌尔",
            "phoneAreaCode":248
        },
        {
            "countryCode":"SL",
            "countryName":"Sierra Leone",
            "countryNameLocal":"塞拉利昂",
            "phoneAreaCode":232
        },
        {
            "countryCode":"SG",
            "countryName":"Singapore",
            "countryNameLocal":"新加坡",
            "phoneAreaCode":65
        },
        {
            "countryCode":"SK",
            "countryName":"Slovakia",
            "countryNameLocal":"斯洛伐克",
            "phoneAreaCode":421
        },
        {
            "countryCode":"SI",
            "countryName":"Slovenia",
            "countryNameLocal":"斯洛文尼亚",
            "phoneAreaCode":386
        },
        {
            "countryCode":"SB",
            "countryName":"Solomon Is",
            "countryNameLocal":"所罗门群岛",
            "phoneAreaCode":677
        },
        {
            "countryCode":"SO",
            "countryName":"Somali",
            "countryNameLocal":"索马里",
            "phoneAreaCode":252
        },
        {
            "countryCode":"ZA",
            "countryName":"South Africa",
            "countryNameLocal":"南非",
            "phoneAreaCode":27
        },
        {
            "countryCode":"ES",
            "countryName":"Spain",
            "countryNameLocal":"西班牙",
            "phoneAreaCode":34
        },
        {
            "countryCode":"LK",
            "countryName":"Sri Lanka",
            "countryNameLocal":"斯里兰卡",
            "phoneAreaCode":94
        },
        {
            "countryCode":"SD",
            "countryName":"Sudan",
            "countryNameLocal":"苏丹",
            "phoneAreaCode":249
        },
        {
            "countryCode":"SR",
            "countryName":"Suriname",
            "countryNameLocal":"苏里南",
            "phoneAreaCode":597
        },
        {
            "countryCode":"SZ",
            "countryName":"Swaziland",
            "countryNameLocal":"斯威士兰",
            "phoneAreaCode":268
        },
        {
            "countryCode":"SE",
            "countryName":"Sweden",
            "countryNameLocal":"瑞典",
            "phoneAreaCode":46
        },
        {
            "countryCode":"CH",
            "countryName":"Switzerland",
            "countryNameLocal":"瑞士",
            "phoneAreaCode":41
        },
        {
            "countryCode":"SY",
            "countryName":"Syria",
            "countryNameLocal":"叙利亚",
            "phoneAreaCode":963
        },
        {
            "countryCode":"TW",
            "countryName":"Taiwan",
            "countryNameLocal":"台湾省",
            "phoneAreaCode":886
        },
        {
            "countryCode":"TJ",
            "countryName":"Tajikstan",
            "countryNameLocal":"塔吉克斯坦",
            "phoneAreaCode":992
        },
        {
            "countryCode":"TZ",
            "countryName":"Tanzania",
            "countryNameLocal":"坦桑尼亚",
            "phoneAreaCode":255
        },
        {
            "countryCode":"TH",
            "countryName":"Thailand",
            "countryNameLocal":"泰国",
            "phoneAreaCode":66
        },
        {
            "countryCode":"TG",
            "countryName":"Togo",
            "countryNameLocal":"多哥",
            "phoneAreaCode":228
        },
        {
            "countryCode":"TO",
            "countryName":"Tonga",
            "countryNameLocal":"汤加",
            "phoneAreaCode":676
        },
        {
            "countryCode":"TT",
            "countryName":"Trinidad and Tobago",
            "countryNameLocal":"特立尼达和多巴哥",
            "phoneAreaCode":1809
        },
        {
            "countryCode":"TN",
            "countryName":"Tunisia",
            "countryNameLocal":"突尼斯",
            "phoneAreaCode":216
        },
        {
            "countryCode":"TR",
            "countryName":"Turkey",
            "countryNameLocal":"土耳其",
            "phoneAreaCode":90
        },
        {
            "countryCode":"TM",
            "countryName":"Turkmenistan",
            "countryNameLocal":"土库曼斯坦",
            "phoneAreaCode":993
        },
        {
            "countryCode":"UG",
            "countryName":"Uganda",
            "countryNameLocal":"乌干达",
            "phoneAreaCode":256
        },
        {
            "countryCode":"UA",
            "countryName":"Ukraine",
            "countryNameLocal":"乌克兰",
            "phoneAreaCode":380
        },
        {
            "countryCode":"AE",
            "countryName":"United Arab Emirates",
            "countryNameLocal":"阿拉伯联合酋长国",
            "phoneAreaCode":971
        },
        {
            "countryCode":"GB",
            "countryName":"United Kiongdom",
            "countryNameLocal":"英国",
            "phoneAreaCode":44
        },
        {
            "countryCode":"US",
            "countryName":"United States of America",
            "countryNameLocal":"美国",
            "phoneAreaCode":1
        },
        {
            "countryCode":"UY",
            "countryName":"Uruguay",
            "countryNameLocal":"乌拉圭",
            "phoneAreaCode":598
        },
        {
            "countryCode":"UZ",
            "countryName":"Uzbekistan",
            "countryNameLocal":"乌兹别克斯坦",
            "phoneAreaCode":233
        },
        {
            "countryCode":"VE",
            "countryName":"Venezuela",
            "countryNameLocal":"委内瑞拉",
            "phoneAreaCode":58
        },
        {
            "countryCode":"VN",
            "countryName":"Vietnam",
            "countryNameLocal":"越南",
            "phoneAreaCode":84
        },
        {
            "countryCode":"YE",
            "countryName":"Yemen",
            "countryNameLocal":"也门",
            "phoneAreaCode":967
        },
        {
            "countryCode":"YU",
            "countryName":"Yugoslavia",
            "countryNameLocal":"南斯拉夫",
            "phoneAreaCode":381
        },
        {
            "countryCode":"ZR",
            "countryName":"Zaire",
            "countryNameLocal":"扎伊尔",
            "phoneAreaCode":243
        },
        {
            "countryCode":"ZM",
            "countryName":"Zambia",
            "countryNameLocal":"赞比亚",
            "phoneAreaCode":260
        },
        {
            "countryCode":"ZW",
            "countryName":"Zimbabwe",
            "countryNameLocal":"津巴布韦",
            "phoneAreaCode":263
        }
    ]
}
[2020-09-02 08:20:42,368 - Log.py - 36] - INFO:


[2020-09-02 08:20:42,374 - Log.py - 36] - INFO:=======执行第008条用例开始： 运输下单-国家：分页查询-中国 ========
[2020-09-02 08:20:42,382 - Log.py - 36] - INFO:
请求方法：POST
请求地址：https://mpsit.jus-link.com/api/jusda-basic/countries/paged-search
请求参数：{
    "countrySearchCondition":{
        "codeEq":"CN",
        "countryLocaleCodeEq":"",
        "currencyCodeEq":"",
        "independentFlagEq":true,
        "iso2codeEq":"",
        "iso3codeEq":"",
        "iso3numEq":"",
        "nameEq":"",
        "nameLike":"",
        "nameLocalEq":"",
        "nameLocalLike":"",
        "nameOrNameLocalLike":""
    },
    "pageCondition":{
        "pageIndex":1,
        "pageSize":300
    }
}
请求头部：{
    "Authorization":"eyJhbGciOiJSUzI1NiIsInR5cCI6IkpXVCJ9.eyJ0ZXJtaW5hbF90eXBlIjoid2ViIiwidXNlcl9uYW1lIjoiSFAwMiIsInNjb3BlIjpbInJlYWQiLCJ3cml0ZSIsImZvbyJdLCJhcHBsaWNhdGlvbl9jb2RlIjoiaG9tZSIsImV4cCI6MTU5OTA0MjA0MCwidXNlcmFjY291bnRfaWQiOiI0NDc1NjA2NjI4MjY0OTc2Mzg0IiwianRpIjoiYmNkYTBlNjYtZjc5Mi00ZDY0LTgzZWMtNmNhNWY5MDU5OThhIiwiY2xpZW50X2lkIjoiaG9tZSJ9.Mts0zIYtSEYznvNzlVEPaafbR6Ekkb-OWw_TCNRCGhg-SIzrUymFNtjVPY1vUyNu9X3WEmj2fQhQUFWY0cgH29AfVqnyA2xmSyRg6Wd6GqHf6ne-Jo22oRvB9SMQ_1FENeNlIRIkiH0LMbdX17adAobAj1efXSnnD1vZcgpqhLHSTvRGGfxqXg-ufYJbLIGADarNxDObuEMhd5OpMQLU6CdvI9g0N3-dMr-iqkyfBMv6f3o9guJYseHsxxapDUZmbRAg538nZpDODKN_NBsuPYSttS9EmiXXfeQ1oOpRcWShXJrwIlbG3bo3oA3mhVv2DgTExu39SwjbGAZlnR6yPA",
    "Content-Type":"application/json",
    "accept-language":"en-US",
    "clientId":"client"
}
上传文件名称：
