[2020-09-15 17:00:16,700 - Log.py - 36] - INFO:
请求方法：POST
请求地址：https://mpsit.jus-link.com/api/jusda-basic/transport-location/paged-search
请求参数：{
    "pageCondition":{
        "pageIndex":1,
        "pageSize":10
    },
    "transportLocationSearchCondition":{
        "cityCodeNull":false,
        "externalSystemCodeIn":[
            "UN",
            "CARGOWISE"
        ],
        "idOrNameOrLocalLike":""
    }
}
请求头部：{
    "Authorization":"Bearer eyJhbGciOiJSUzI1NiIsInR5cCI6IkpXVCJ9.eyJ0ZXJtaW5hbF90eXBlIjoid2ViIiwidXNlcl9uYW1lIjoiSFAiLCJzY29wZSI6WyJmb28iLCJyZWFkIiwid3JpdGUiXSwiYXBwbGljYXRpb25fY29kZSI6InNoaXBtZW50X2RlbWFuZF9hcHAiLCJleHAiOjE2MDAxODUzNzUsInVzZXJhY2NvdW50X2lkIjoiNDQyODM2MTM1MjM1MzY3MzIxNiIsImp0aSI6IjJmMjFiYTE0LTE2ZjktNGE4Ni1iN2Y4LTRjMWMyN2M1Y2I5NiIsImNsaWVudF9pZCI6InNoaXBtZW50X2RlbWFuZF9hcHAifQ.iOA0zbS_aVI64j9fKzXnen-fJfixa1xo8jR74U1iYYkoltZh0_eiHFkZl3mVn60HFOB1wAqO_1gczo1Z5fPqzQyMNTWhrvxZA_d5caFjSCgPl07zn2Ky1zXjQGsC95MSqsUdnmFg2zMOERBMwcRNvs2VAS7Vl6-N6tGAIfPaM2fmV44JzCgJRuX3Q5fSO3WhRzrYxeuRVbe8U4R2Xa0Wj4O-fXRJ4vw1bSWaVZxolxd5Fc590OVdFcXXDp6qO8WvF3pUc-wE7DK_cPiXDwzDtlE1NWXSsOBMY2wl1FUUTVwUcxON5hVvmjlkJq2xIiULYwT2-rFTTFJuEGqn5uNqzw",
    "Content-Type":"application/json",
    "clientId":"client"
}
上传文件名称：None
[2020-09-15 17:00:17,511 - Log.py - 36] - INFO:响应结果：
{
    "code":"00000",
    "message":"操作成功",
    "result":{
        "data":[
            {
                "airportFlag":"1",
                "airportLatitude":null,
                "airportLongitude":null,
                "areaPositionFlag":null,
                "blpFlag":null,
                "borderCrossingFlag":"0",
                "centerLatitude":14.83333,
                "centerLongitude":42.9,
                "city":{
                    "code":"SCI437670",
                    "externalCode":null,
                    "name":"Hodeidah",
                    "nameLocal":null,
                    "nickname":null
                },
                "cityCode":"SCI437670",
                "country":{
                    "code":"YE",
                    "name":"Yemen",
                    "nameLocal":"也门"
                },
                "countryCode":"YE",
                "county":null,
                "countyCode":null,
                "customsLodgeFlag":"0",
                "daylightSavingsFlag":null,
                "dischargeFlag":"0",
                "effectiveFlag":null,
                "externalSystemCode":"UN",
                "gmtOffset":"3.00",
                "id":"YEHOD",
                "inoutCheckFlag":null,
                "maxLatitude":null,
                "maxLongitude":null,
                "minLatitude":null,
                "minLongitude":null,
                "name":"Hodeidah",
                "nameLocal":"荷台达",
                "outportFlag":"0",
                "portCode":"HOD",
                "postFlag":"1",
                "railFlag":"0",
                "roadFlag":"0",
                "seaportFlag":"1",
                "seaportLatitude":null,
                "seaportLongitude":null,
                "storeFlag":"0",
                "streetCode":null,
                "subdivision":{
                    "code":"YE-HU",
                    "externalCode":null,
                    "name":"Al Hudaydah",
                    "nameLocal":"Muḩāfaz̧at al Ḩudaydah",
                    "typeCode":null
                },
                "subdivisionCode":"YE-HU",
                "terminalFlag":"0",
                "typeCode":"TLT_SEA_PORT",
                "unloadFlag":"0",
                "virtualPortFlag":null
            },
            {
                "airportFlag":"0",
                "airportLatitude":null,
                "airportLongitude":null,
                "areaPositionFlag":null,
                "blpFlag":null,
                "borderCrossingFlag":"0",
                "centerLatitude":22.45,
                "centerLongitude":113.88333,
                "city":{
                    "code":"SCI105647",
                    "externalCode":"440300",
                    "name":"Shenzhen",
                    "nameLocal":"深圳市",
                    "nickname":"深圳市"
                },
                "cityCode":"SCI105647",
                "country":{
                    "code":"CN",
                    "name":"China",
                    "nameLocal":"中国"
                },
                "countryCode":"CN",
                "county":null,
                "countyCode":null,
                "customsLodgeFlag":"0",
                "daylightSavingsFlag":null,
                "dischargeFlag":"0",
                "effectiveFlag":null,
                "externalSystemCode":"UN",
                "gmtOffset":"8.00",
                "id":"CNMWN",
                "inoutCheckFlag":null,
                "maxLatitude":null,
                "maxLongitude":null,
                "minLatitude":null,
                "minLongitude":null,
                "name":"Mawan Pt",
                "nameLocal":"马湾港",
                "outportFlag":"0",
                "portCode":"CNMWN",
                "postFlag":"0",
                "railFlag":"0",
                "roadFlag":"0",
                "seaportFlag":"1",
                "seaportLatitude":null,
                "seaportLongitude":null,
                "storeFlag":"0",
                "streetCode":null,
                "subdivision":{
                    "code":"CN-44",
                    "externalCode":"440000",
                    "name":"Guangdong Province",
                    "nameLocal":"广东省",
                    "typeCode":null
                },
                "subdivisionCode":"CN-44",
                "terminalFlag":"0",
                "typeCode":"TLT_SEA_PORT",
                "unloadFlag":"0",
                "virtualPortFlag":null
            },
            {
                "airportFlag":"0",
                "airportLatitude":null,
                "airportLongitude":null,
                "areaPositionFlag":null,
                "blpFlag":null,
                "borderCrossingFlag":"0",
                "centerLatitude":28.9,
                "centerLongitude":105.4,
                "city":{
                    "code":"SCI105704",
                    "externalCode":"510500",
                    "name":"Luzhou",
                    "nameLocal":"泸州市",
                    "nickname":"泸州市"
                },
                "cityCode":"SCI105704",
                "country":{
                    "code":"CN",
                    "name":"China",
                    "nameLocal":"中国"
                },
                "countryCode":"CN",
                "county":null,
                "countyCode":null,
                "customsLodgeFlag":"0",
                "daylightSavingsFlag":null,
                "dischargeFlag":"0",
                "effectiveFlag":null,
                "externalSystemCode":"UN",
                "gmtOffset":"8.00",
                "id":"CNLUZ",
                "inoutCheckFlag":null,
                "maxLatitude":null,
                "maxLongitude":null,
                "minLatitude":null,
                "minLongitude":null,
                "name":"Luzhou",
                "nameLocal":"泸州市",
                "outportFlag":"0",
                "portCode":"CNLUZ",
                "postFlag":"0",
                "railFlag":"0",
                "roadFlag":"0",
                "seaportFlag":"1",
                "seaportLatitude":null,
                "seaportLongitude":null,
                "storeFlag":"0",
                "streetCode":null,
                "subdivision":{
                    "code":"CN-51",
                    "externalCode":"510000",
                    "name":"Sichuan Province",
                    "nameLocal":"四川省",
                    "typeCode":null
                },
                "subdivisionCode":"CN-51",
                "terminalFlag":"0",
                "typeCode":"TLT_SEA_PORT",
                "unloadFlag":"0",
                "virtualPortFlag":null
            },
            {
                "airportFlag":"0",
                "airportLatitude":null,
                "airportLongitude":null,
                "areaPositionFlag":null,
                "blpFlag":null,
                "borderCrossingFlag":"0",
                "centerLatitude":-13.46667,
                "centerLongitude":-76.16667,
                "city":{
                    "code":"SCI323049",
                    "externalCode":null,
                    "name":"Chincha Baja",
                    "nameLocal":"Chincha Baja",
                    "nickname":null
                },
                "cityCode":"SCI323049",
                "country":{
                    "code":"PE",
                    "name":"Peru",
                    "nameLocal":"秘鲁"
                },
                "countryCode":"PE",
                "county":null,
                "countyCode":null,
                "customsLodgeFlag":"0",
                "daylightSavingsFlag":null,
                "dischargeFlag":"0",
                "effectiveFlag":null,
                "externalSystemCode":"UN",
                "gmtOffset":"-5.00",
                "id":"PECBJ",
                "inoutCheckFlag":null,
                "maxLatitude":null,
                "maxLongitude":null,
                "minLatitude":null,
                "minLongitude":null,
                "name":"Chincha Baja",
                "nameLocal":null,
                "outportFlag":"0",
                "portCode":"PECBJ",
                "postFlag":"0",
                "railFlag":"0",
                "roadFlag":"0",
                "seaportFlag":"0",
                "seaportLatitude":null,
                "seaportLongitude":null,
                "storeFlag":"0",
                "streetCode":null,
                "subdivision":{
                    "code":"PE-ICA",
                    "externalCode":null,
                    "name":"Ica",
                    "nameLocal":null,
                    "typeCode":null
                },
                "subdivisionCode":"PE-ICA",
                "terminalFlag":"0",
                "typeCode":null,
                "unloadFlag":"0",
                "virtualPortFlag":null
            },
            {
                "airportFlag":"1",
                "airportLatitude":"56.046467",
                "airportLongitude":12.694512,
                "areaPositionFlag":null,
                "blpFlag":null,
                "borderCrossingFlag":"0",
                "centerLatitude":56.046467,
                "centerLongitude":12.694512,
                "city":{
                    "code":"SCI406014",
                    "externalCode":null,
                    "name":"Helsingborg",
                    "nameLocal":"HELSINGBORG",
                    "nickname":null
                },
                "cityCode":"SCI406014",
                "country":{
                    "code":"SE",
                    "name":"Sweden",
                    "nameLocal":"瑞典"
                },
                "countryCode":"SE",
                "county":null,
                "countyCode":null,
                "customsLodgeFlag":"0",
                "daylightSavingsFlag":null,
                "dischargeFlag":"0",
                "effectiveFlag":null,
                "externalSystemCode":"UN",
                "gmtOffset":"1.00",
                "id":"SEAGH",
                "inoutCheckFlag":null,
                "maxLatitude":null,
                "maxLongitude":null,
                "minLatitude":null,
                "minLongitude":null,
                "name":"Helsingborg-Angelholm Apt",
                "nameLocal":"恩厄尔霍尔姆-赫尔辛堡机场",
                "outportFlag":"0",
                "portCode":"AGH",
                "postFlag":"0",
                "railFlag":"0",
                "roadFlag":"0",
                "seaportFlag":"0",
                "seaportLatitude":null,
                "seaportLongitude":null,
                "storeFlag":"0",
                "streetCode":null,
                "subdivision":{
                    "code":"SE-M",
                    "externalCode":null,
                    "name":"Skaane Laen",
                    "nameLocal":null,
                    "typeCode":null
                },
                "subdivisionCode":"SE-M",
                "terminalFlag":"0",
                "typeCode":null,
                "unloadFlag":"0",
                "virtualPortFlag":null
            },
            {
                "airportFlag":"0",
                "airportLatitude":null,
                "airportLongitude":null,
                "areaPositionFlag":null,
                "blpFlag":null,
                "borderCrossingFlag":"0",
                "centerLatitude":null,
                "centerLongitude":null,
                "city":{
                    "code":"SCI106652",
                    "externalCode":"US-IL-DEWITT",
                    "name":"Dewitt",
                    "nameLocal":null,
                    "nickname":null
                },
                "cityCode":"SCI106652",
                "country":{
                    "code":"US",
                    "name":"United States of America",
                    "nameLocal":"美国"
                },
                "countryCode":"US",
                "county":null,
                "countyCode":null,
                "customsLodgeFlag":"0",
                "daylightSavingsFlag":null,
                "dischargeFlag":"0",
                "effectiveFlag":null,
                "externalSystemCode":"UN",
                "gmtOffset":"-6.00",
                "id":"USDEZ",
                "inoutCheckFlag":null,
                "maxLatitude":null,
                "maxLongitude":null,
                "minLatitude":null,
                "minLongitude":null,
                "name":"Dewitt",
                "nameLocal":null,
                "outportFlag":"0",
                "portCode":"USDEZ",
                "postFlag":"0",
                "railFlag":"0",
                "roadFlag":"1",
                "seaportFlag":"0",
                "seaportLatitude":null,
                "seaportLongitude":null,
                "storeFlag":"0",
                "streetCode":null,
                "subdivision":{
                    "code":"US-IL",
                    "externalCode":null,
                    "name":"Illinois",
                    "nameLocal":null,
                    "typeCode":null
                },
                "subdivisionCode":"US-IL",
                "terminalFlag":"0",
                "typeCode":null,
                "unloadFlag":"0",
                "virtualPortFlag":null
            },
            {
                "airportFlag":"0",
                "airportLatitude":null,
                "airportLongitude":null,
                "areaPositionFlag":null,
                "blpFlag":null,
                "borderCrossingFlag":"0",
                "centerLatitude":null,
                "centerLongitude":null,
                "city":{
                    "code":"SCI108955",
                    "externalCode":"US-VT-BENNINGTON",
                    "name":"Bennington",
                    "nameLocal":null,
                    "nickname":null
                },
                "cityCode":"SCI108955",
                "country":{
                    "code":"US",
                    "name":"United States of America",
                    "nameLocal":"美国"
                },
                "countryCode":"US",
                "county":null,
                "countyCode":null,
                "customsLodgeFlag":"0",
                "daylightSavingsFlag":null,
                "dischargeFlag":"0",
                "effectiveFlag":null,
                "externalSystemCode":"UN",
                "gmtOffset":"-5.00",
                "id":"USBGN",
                "inoutCheckFlag":null,
                "maxLatitude":null,
                "maxLongitude":null,
                "minLatitude":null,
                "minLongitude":null,
                "name":"Bennington",
                "nameLocal":null,
                "outportFlag":"0",
                "portCode":"USBGN",
                "postFlag":"0",
                "railFlag":"0",
                "roadFlag":"1",
                "seaportFlag":"0",
                "seaportLatitude":null,
                "seaportLongitude":null,
                "storeFlag":"0",
                "streetCode":null,
                "subdivision":{
                    "code":"US-VT",
                    "externalCode":null,
                    "name":"Vermont",
                    "nameLocal":null,
                    "typeCode":null
                },
                "subdivisionCode":"US-VT",
                "terminalFlag":"0",
                "typeCode":null,
                "unloadFlag":"0",
                "virtualPortFlag":null
            },
            {
                "airportFlag":"0",
                "airportLatitude":null,
                "airportLongitude":null,
                "areaPositionFlag":null,
                "blpFlag":null,
                "borderCrossingFlag":"0",
                "centerLatitude":37.33333,
                "centerLongitude":-94.3,
                "city":{
                    "code":"SCI107389",
                    "externalCode":"US-MO-JASPER",
                    "name":"Jasper",
                    "nameLocal":"贾斯珀县",
                    "nickname":null
                },
                "cityCode":"SCI107389",
                "country":{
                    "code":"US",
                    "name":"United States of America",
                    "nameLocal":"美国"
                },
                "countryCode":"US",
                "county":null,
                "countyCode":null,
                "customsLodgeFlag":"0",
                "daylightSavingsFlag":null,
                "dischargeFlag":"0",
                "effectiveFlag":null,
                "externalSystemCode":"UN",
                "gmtOffset":"-6.00",
                "id":"USJPE",
                "inoutCheckFlag":null,
                "maxLatitude":null,
                "maxLongitude":null,
                "minLatitude":null,
                "minLongitude":null,
                "name":"Jasper",
                "nameLocal":null,
                "outportFlag":"0",
                "portCode":"USJPE",
                "postFlag":"0",
                "railFlag":"1",
                "roadFlag":"1",
                "seaportFlag":"0",
                "seaportLatitude":null,
                "seaportLongitude":null,
                "storeFlag":"0",
                "streetCode":null,
                "subdivision":{
                    "code":"US-MO",
                    "externalCode":null,
                    "name":"Missouri",
                    "nameLocal":null,
                    "typeCode":null
                },
                "subdivisionCode":"US-MO",
                "terminalFlag":"0",
                "typeCode":null,
                "unloadFlag":"0",
                "virtualPortFlag":null
            },
            {
                "airportFlag":"0",
                "airportLatitude":null,
                "airportLongitude":null,
                "areaPositionFlag":null,
                "blpFlag":null,
                "borderCrossingFlag":"0",
                "centerLatitude":42.75,
                "centerLongitude":-113.5,
                "city":{
                    "code":"SCI106622",
                    "externalCode":"US-ID-MINIDOKA",
                    "name":"Minidoka",
                    "nameLocal":null,
                    "nickname":null
                },
                "cityCode":"SCI106622",
                "country":{
                    "code":"US",
                    "name":"United States of America",
                    "nameLocal":"美国"
                },
                "countryCode":"US",
                "county":null,
                "countyCode":null,
                "customsLodgeFlag":"0",
                "daylightSavingsFlag":null,
                "dischargeFlag":"0",
                "effectiveFlag":null,
                "externalSystemCode":"UN",
                "gmtOffset":"-7.00",
                "id":"USMD9",
                "inoutCheckFlag":null,
                "maxLatitude":null,
                "maxLongitude":null,
                "minLatitude":null,
                "minLongitude":null,
                "name":"Minidoka",
                "nameLocal":null,
                "outportFlag":"0",
                "portCode":"USMD9",
                "postFlag":"0",
                "railFlag":"1",
                "roadFlag":"1",
                "seaportFlag":"0",
                "seaportLatitude":null,
                "seaportLongitude":null,
                "storeFlag":"0",
                "streetCode":null,
                "subdivision":{
                    "code":"US-ID",
                    "externalCode":null,
                    "name":"Idaho",
                    "nameLocal":null,
                    "typeCode":null
                },
                "subdivisionCode":"US-ID",
                "terminalFlag":"0",
                "typeCode":null,
                "unloadFlag":"0",
                "virtualPortFlag":null
            },
            {
                "airportFlag":"0",
                "airportLatitude":null,
                "airportLongitude":null,
                "areaPositionFlag":null,
                "blpFlag":null,
                "borderCrossingFlag":"0",
                "centerLatitude":null,
                "centerLongitude":null,
                "city":{
                    "code":"SCI108226",
                    "externalCode":"US-PA-MERCER",
                    "name":"Mercer",
                    "nameLocal":null,
                    "nickname":null
                },
                "cityCode":"SCI108226",
                "country":{
                    "code":"US",
                    "name":"United States of America",
                    "nameLocal":"美国"
                },
                "countryCode":"US",
                "county":null,
                "countyCode":null,
                "customsLodgeFlag":"0",
                "daylightSavingsFlag":null,
                "dischargeFlag":"0",
                "effectiveFlag":null,
                "externalSystemCode":"UN",
                "gmtOffset":"-5.00",
                "id":"USMQX",
                "inoutCheckFlag":null,
                "maxLatitude":null,
                "maxLongitude":null,
                "minLatitude":null,
                "minLongitude":null,
                "name":"Mercer",
                "nameLocal":null,
                "outportFlag":"0",
                "portCode":"USMQX",
                "postFlag":"0",
                "railFlag":"0",
                "roadFlag":"1",
                "seaportFlag":"0",
                "seaportLatitude":null,
                "seaportLongitude":null,
                "storeFlag":"0",
                "streetCode":null,
                "subdivision":{
                    "code":"US-PA",
                    "externalCode":null,
                    "name":"Pennsylvania",
                    "nameLocal":null,
                    "typeCode":null
                },
                "subdivisionCode":"US-PA",
                "terminalFlag":"0",
                "typeCode":null,
                "unloadFlag":"0",
                "virtualPortFlag":null
            }
        ],
        "pageIndex":1,
        "pageSize":10,
        "totalPage":2689,
        "totalRecord":26890
    }
}
