[2020-01-10 09:39:59,476 - Log.py - 36] - INFO:请求方法：POST
请求地址：https://j1.sccpcloud.com/api-gateway/authentication/signIn
请求参数：{'clientId': 'client', 'password': 'Mima123!', 'redirectUrl': 'string', 'route': 'string', 'username': 'MLB2-TEST01'}
请求头部：{'Content-Type': 'application/json'}
上传文件名称：None
[2020-01-10 09:39:59,762 - Log.py - 36] - INFO:响应结果：
{
    "data":{
        "redirectUrl":"string",
        "route":"string",
        "verificationCode":"add39f22-cd37-4d3e-9a6e-0baec1b3c3d5"
    },
    "errorCode":null,
    "errorData":null,
    "message":null,
    "success":true
}
[2020-01-10 09:40:55,442 - Log.py - 36] - INFO:请求方法：POST
请求地址：https://j1.sccpcloud.com/api-gateway/authentication/signIn
请求参数：{'clientId': 'client', 'password': 'Mima123!', 'redirectUrl': 'string', 'route': 'string', 'username': 'MLB2-TEST01'}
请求头部：{'Content-Type': 'application/json'}
上传文件名称：None
[2020-01-10 09:40:55,679 - Log.py - 36] - INFO:响应结果：
{
    "data":{
        "redirectUrl":"string",
        "route":"string",
        "verificationCode":"63e1c3e4-a41b-47ba-9653-5ab55830695e"
    },
    "errorCode":null,
    "errorData":null,
    "message":null,
    "success":true
}
[2020-01-10 09:52:05,887 - Log.py - 36] - INFO:[文件名：D:\文档\运输可视化相关文档\自动化\克隆\dynamic_inventory_api\runMain\run_main.py,行号：19]
请求方法：POST
请求地址：https://j1.sccpcloud.com/api-gateway/authentication/signIn
请求参数：{'clientId': 'client', 'password': 'Mima123!', 'redirectUrl': 'string', 'route': 'string', 'username': 'MLB2-TEST01'}
请求头部：{'Content-Type': 'application/json'}
上传文件名称：None
[2020-01-10 09:52:06,159 - Log.py - 36] - INFO:响应结果：
{
    "data":{
        "redirectUrl":"string",
        "route":"string",
        "verificationCode":"00f6d940-4115-4bec-9c95-e9768c214c6c"
    },
    "errorCode":null,
    "errorData":null,
    "message":null,
    "success":true
}
[2020-01-10 09:53:10,962 - Log.py - 36] - INFO:
请求方法：POST
请求地址：https://j1.sccpcloud.com/api-gateway/authentication/signIn
请求参数：{'clientId': 'client', 'password': 'Mima123!', 'redirectUrl': 'string', 'route': 'string', 'username': 'MLB2-TEST01'}
请求头部：{'Content-Type': 'application/json'}
上传文件名称：None
[2020-01-10 09:53:11,191 - Log.py - 36] - INFO:响应结果：
{
    "data":{
        "redirectUrl":"string",
        "route":"string",
        "verificationCode":"9c2f54f7-91d7-4bef-bc15-3218f8540e21"
    },
    "errorCode":null,
    "errorData":null,
    "message":null,
    "success":true
}
[2020-01-10 10:02:29,013 - Log.py - 36] - INFO:
请求方法：POST
请求地址：https://j1.sccpcloud.com/api-gateway/authentication/signIn
请求参数：{'clientId': 'client', 'password': 'Mima123!', 'redirectUrl': 'string', 'route': 'string', 'username': 'MLB2-TEST01'}
请求头部：{'Content-Type': 'application/json'}
上传文件名称：None
[2020-01-10 10:02:29,233 - Log.py - 36] - INFO:响应结果：
{
    "data":{
        "redirectUrl":"string",
        "route":"string",
        "verificationCode":"24147f03-ba2d-43e1-9a0a-a5e67ee2495d"
    },
    "errorCode":null,
    "errorData":null,
    "message":null,
    "success":true
}
[2020-01-10 10:12:26,045 - Log.py - 36] - INFO:
请求方法：POST
请求地址：https://j1.sccpcloud.com/api-gateway/authentication/signIn
请求参数：{'clientId': 'client', 'password': 'Mima123!', 'redirectUrl': 'string', 'route': 'string', 'username': 'MLB2-TEST01'}
请求头部：{'Content-Type': 'application/json'}
上传文件名称：None
[2020-01-10 10:12:26,358 - Log.py - 36] - INFO:响应结果：
{
    "data":{
        "redirectUrl":"string",
        "route":"string",
        "verificationCode":"7d58f020-6abd-487a-b636-f1cd5825a2c2"
    },
    "errorCode":null,
    "errorData":null,
    "message":null,
    "success":true
}
[2020-01-10 10:12:44,343 - Log.py - 36] - INFO:
请求方法：POST
请求地址：https://j1.sccpcloud.com/api-gateway/authentication/signIn
请求参数：{'clientId': 'client', 'password': 'Mima123!', 'redirectUrl': 'string', 'route': 'string', 'username': 'MLB2-TEST01'}
请求头部：{'Content-Type': 'application/json'}
上传文件名称：None
[2020-01-10 10:12:44,569 - Log.py - 36] - INFO:响应结果：
{
    "data":{
        "redirectUrl":"string",
        "route":"string",
        "verificationCode":"dfcba3bd-d360-4870-93ce-602e9ff612c6"
    },
    "errorCode":null,
    "errorData":null,
    "message":null,
    "success":true
}
[2020-01-10 10:18:58,471 - Log.py - 36] - INFO:
请求方法：POST
请求地址：https://j1.sccpcloud.com/api-gateway/authentication/signIn
请求参数：{'clientId': 'client', 'password': 'Mima123!', 'redirectUrl': 'string', 'route': 'string', 'username': 'MLB2-TEST01'}
请求头部：{'Content-Type': 'application/json'}
上传文件名称：None
[2020-01-10 10:18:58,694 - Log.py - 36] - INFO:响应结果：
{
    "data":{
        "redirectUrl":"string",
        "route":"string",
        "verificationCode":"2dc9e828-2a4e-4ad7-911a-bd9d37f53c73"
    },
    "errorCode":null,
    "errorData":null,
    "message":null,
    "success":true
}
[2020-01-10 10:19:53,160 - Log.py - 36] - INFO:
请求方法：POST
请求地址：https://j1.sccpcloud.com/api-gateway/authentication/signIn
请求参数：{'clientId': 'client', 'password': 'Mima123!', 'redirectUrl': 'string', 'route': 'string', 'username': 'MLB2-TEST01'}
请求头部：{'Content-Type': 'application/json'}
上传文件名称：None
[2020-01-10 10:19:53,418 - Log.py - 36] - INFO:响应结果：
{
    "data":{
        "redirectUrl":"string",
        "route":"string",
        "verificationCode":"dae082f6-a289-49b8-9d44-ca9781baf408"
    },
    "errorCode":null,
    "errorData":null,
    "message":null,
    "success":true
}
[2020-01-10 10:21:15,294 - Log.py - 36] - INFO:
请求方法：POST
请求地址：https://j1.sccpcloud.com/api-gateway/authentication/signIn
请求参数：{'clientId': 'client', 'password': 'Mima123!', 'redirectUrl': 'string', 'route': 'string', 'username': 'MLB2-TEST01'}
请求头部：{'Content-Type': 'application/json'}
上传文件名称：None
[2020-01-10 10:21:15,515 - Log.py - 36] - INFO:响应结果：
{
    "data":{
        "redirectUrl":"string",
        "route":"string",
        "verificationCode":"85c7e7e9-9fc9-43ce-9421-63efc4320621"
    },
    "errorCode":null,
    "errorData":null,
    "message":null,
    "success":true
}
[2020-01-10 10:21:50,461 - Log.py - 36] - INFO:
请求方法：POST
请求地址：https://j1.sccpcloud.com/api-gateway/authentication/signIn
请求参数：{'clientId': 'client', 'password': 'Mima123!', 'redirectUrl': 'string', 'route': 'string', 'username': 'MLB2-TEST01'}
请求头部：{'Content-Type': 'application/json'}
上传文件名称：None
[2020-01-10 10:21:50,700 - Log.py - 36] - INFO:响应结果：
{
    "data":{
        "redirectUrl":"string",
        "route":"string",
        "verificationCode":"bd830b0a-97e2-4709-869e-c9337cf79e35"
    },
    "errorCode":null,
    "errorData":null,
    "message":null,
    "success":true
}
[2020-01-10 10:30:34,887 - Log.py - 36] - INFO:
请求方法：POST
请求地址：https://j1.sccpcloud.com/api-gateway/authentication/signIn
请求参数：{'clientId': 'client', 'password': 'Mima123!', 'redirectUrl': 'string', 'route': 'string', 'username': 'MLB2-TEST01'}
请求头部：{'Content-Type': 'application/json'}
上传文件名称：None
[2020-01-10 10:30:35,112 - Log.py - 36] - INFO:响应结果：
{
    "data":{
        "redirectUrl":"string",
        "route":"string",
        "verificationCode":"30d97672-b789-4db3-883a-6b586713c306"
    },
    "errorCode":null,
    "errorData":null,
    "message":null,
    "success":true
}
[2020-01-10 10:30:35,120 - Log.py - 36] - INFO:
请求方法：POST
请求地址：https://j1.sccpcloud.com/api-gateway/authentication/signIn
请求参数：{'clientId': 'client', 'password': 'Mima123!', 'redirectUrl': 'string', 'route': 'string', 'username': 'MLB2-TEST01'}
请求头部：{'Content-Type': 'application/json'}
上传文件名称：None
[2020-01-10 10:30:35,334 - Log.py - 36] - INFO:响应结果：
{
    "data":{
        "redirectUrl":"string",
        "route":"string",
        "verificationCode":"d8855b1b-c5ff-4988-a45a-0e8d26aa5899"
    },
    "errorCode":null,
    "errorData":null,
    "message":null,
    "success":true
}
[2020-01-10 10:32:15,400 - Log.py - 36] - INFO:
请求方法：POST
请求地址：https://j1.sccpcloud.com/api-gateway/authentication/signIn
请求参数：{'clientId': 'client', 'password': 'Mima123!', 'redirectUrl': 'string', 'route': 'string', 'username': 'MLB2-TEST01'}
请求头部：{'Content-Type': 'application/json'}
上传文件名称：None
[2020-01-10 10:32:15,618 - Log.py - 36] - INFO:响应结果：
{
    "data":{
        "redirectUrl":"string",
        "route":"string",
        "verificationCode":"e70e1f84-b575-467f-85a2-b6ab7fe6d217"
    },
    "errorCode":null,
    "errorData":null,
    "message":null,
    "success":true
}
[2020-01-10 10:32:40,355 - Log.py - 36] - INFO:
请求方法：POST
请求地址：https://j1.sccpcloud.com/api-gateway/authentication/signIn
请求参数：{'clientId': 'client', 'password': 'Mima123!', 'redirectUrl': 'string', 'route': 'string', 'username': 'MLB2-TEST01'}
请求头部：{'Content-Type': 'application/json'}
上传文件名称：None
[2020-01-10 10:32:40,573 - Log.py - 36] - INFO:响应结果：
{
    "data":{
        "redirectUrl":"string",
        "route":"string",
        "verificationCode":"4be0a282-4f2d-4175-8da3-ef556dd1177f"
    },
    "errorCode":null,
    "errorData":null,
    "message":null,
    "success":true
}
[2020-01-10 10:33:36,423 - Log.py - 36] - INFO:
请求方法：POST
请求地址：https://j1.sccpcloud.com/api-gateway/authentication/signIn
请求参数：{'clientId': 'client', 'password': 'Mima123!', 'redirectUrl': 'string', 'route': 'string', 'username': 'MLB2-TEST01'}
请求头部：{'Content-Type': 'application/json'}
上传文件名称：None
[2020-01-10 10:33:36,649 - Log.py - 36] - INFO:响应结果：
{
    "data":{
        "redirectUrl":"string",
        "route":"string",
        "verificationCode":"6b3ad3f5-5b6f-4c96-ae9d-d7ca544e7430"
    },
    "errorCode":null,
    "errorData":null,
    "message":null,
    "success":true
}
[2020-01-10 10:35:55,304 - Log.py - 36] - INFO:
请求方法：POST
请求地址：https://j1.sccpcloud.com/api-gateway/authentication/signIn
请求参数：{'clientId': 'client', 'password': 'Mima123!', 'redirectUrl': 'string', 'route': 'string', 'username': 'MLB2-TEST01'}
请求头部：{'Content-Type': 'application/json'}
上传文件名称：None
[2020-01-10 10:35:55,539 - Log.py - 36] - INFO:响应结果：
{
    "data":{
        "redirectUrl":"string",
        "route":"string",
        "verificationCode":"f0e88596-c160-48de-9b07-28f703799a97"
    },
    "errorCode":null,
    "errorData":null,
    "message":null,
    "success":true
}
[2020-01-10 10:35:55,550 - Log.py - 36] - INFO:
请求方法：POST
请求地址：https://j1.sccpcloud.com/api-gateway/authentication/signIn
请求参数：{'clientId': 'client', 'password': 'Mima123!', 'redirectUrl': 'string', 'route': 'string', 'username': 'MLB2-TEST01'}
请求头部：{'Content-Type': 'application/json'}
上传文件名称：None
[2020-01-10 10:35:55,762 - Log.py - 36] - INFO:响应结果：
{
    "data":{
        "redirectUrl":"string",
        "route":"string",
        "verificationCode":"4549c28b-5e40-4ed1-968a-84001eed8c7e"
    },
    "errorCode":null,
    "errorData":null,
    "message":null,
    "success":true
}
[2020-01-10 10:37:02,184 - Log.py - 36] - INFO:
请求方法：POST
请求地址：https://j1.sccpcloud.com/api-gateway/authentication/signIn
请求参数：{'clientId': 'client', 'password': 'Mima123!', 'redirectUrl': 'string', 'route': 'string', 'username': 'MLB2-TEST01'}
请求头部：{'Content-Type': 'application/json'}
上传文件名称：None
[2020-01-10 10:37:02,426 - Log.py - 36] - INFO:响应结果：
{
    "data":{
        "redirectUrl":"string",
        "route":"string",
        "verificationCode":"b697c8d9-1dc6-49dd-957c-a42f52e6e4bb"
    },
    "errorCode":null,
    "errorData":null,
    "message":null,
    "success":true
}
[2020-01-10 10:37:02,434 - Log.py - 36] - INFO:
请求方法：POST
请求地址：https://j1.sccpcloud.com/api-gateway/authentication/signIn
请求参数：{'clientId': 'client', 'password': 'Mima123!', 'redirectUrl': 'string', 'route': 'string', 'username': 'MLB2-TEST01'}
请求头部：{'Content-Type': 'application/json'}
上传文件名称：None
[2020-01-10 10:37:02,627 - Log.py - 36] - INFO:响应结果：
{
    "data":{
        "redirectUrl":"string",
        "route":"string",
        "verificationCode":"8a43e553-609d-4669-b1f2-15e5f845f293"
    },
    "errorCode":null,
    "errorData":null,
    "message":null,
    "success":true
}
[2020-01-10 10:39:30,335 - Log.py - 36] - INFO:
请求方法：POST
请求地址：https://j1.sccpcloud.com/api-gateway/authentication/signIn
请求参数：{'clientId': 'client', 'password': 'Mima123!', 'redirectUrl': 'string', 'route': 'string', 'username': 'MLB2-TEST01'}
请求头部：{'Content-Type': 'application/json'}
上传文件名称：None
[2020-01-10 10:39:30,575 - Log.py - 36] - INFO:响应结果：
{
    "data":{
        "redirectUrl":"string",
        "route":"string",
        "verificationCode":"f7f73c96-1582-44d1-b582-f64791b9355f"
    },
    "errorCode":null,
    "errorData":null,
    "message":null,
    "success":true
}
[2020-01-10 10:40:22,929 - Log.py - 36] - INFO:
请求方法：POST
请求地址：https://j1.sccpcloud.com/api-gateway/authentication/signIn
请求参数：{'clientId': 'client', 'password': 'Mima123!', 'redirectUrl': 'string', 'route': 'string', 'username': 'MLB2-TEST01'}
请求头部：{'Content-Type': 'application/json'}
上传文件名称：None
[2020-01-10 10:40:23,165 - Log.py - 36] - INFO:响应结果：
{
    "data":{
        "redirectUrl":"string",
        "route":"string",
        "verificationCode":"4ad98016-8e3b-45e3-870f-c633fc841e3c"
    },
    "errorCode":null,
    "errorData":null,
    "message":null,
    "success":true
}
[2020-01-10 10:40:23,173 - Log.py - 36] - INFO:
请求方法：POST
请求地址：https://j1.sccpcloud.com/api-gateway/authentication/signIn
请求参数：{'clientId': 'client', 'password': 'Mima123!', 'redirectUrl': 'string', 'route': 'string', 'username': 'MLB2-TEST01'}
请求头部：{'Content-Type': 'application/json'}
上传文件名称：None
[2020-01-10 10:40:23,419 - Log.py - 36] - INFO:响应结果：
{
    "data":{
        "redirectUrl":"string",
        "route":"string",
        "verificationCode":"7a17457e-e7ac-4cfb-8568-2f9b71cf9526"
    },
    "errorCode":null,
    "errorData":null,
    "message":null,
    "success":true
}
[2020-01-10 10:59:55,954 - Log.py - 42] - ERROR:输入的[verificationCode]键不存在

[2020-01-10 11:05:36,835 - Log.py - 36] - INFO:
请求方法：POST
请求地址：https://j1.sccpcloud.com/api-gateway/authentication/signIn
请求参数：{'clientId': 'client', 'password': 'Mima123!', 'redirectUrl': 'string', 'route': 'string', 'username': 'MLB2-TEST01'}
请求头部：{'Content-Type': 'application/json'}
上传文件名称：None
[2020-01-10 11:05:37,096 - Log.py - 36] - INFO:响应结果：
{
    "data":{
        "redirectUrl":"string",
        "route":"string",
        "verificationCode":"028a159f-dec0-4a65-94bf-8c8175a01ef1"
    },
    "errorCode":null,
    "errorData":null,
    "message":null,
    "success":true
}
[2020-01-10 11:05:57,944 - Log.py - 36] - INFO:
请求方法：POST
请求地址：https://j1.sccpcloud.com/api-gateway/authentication/signIn
请求参数：{'clientId': 'client', 'password': 'Mima123!', 'redirectUrl': 'string', 'route': 'string', 'username': 'MLB2-TEST01'}
请求头部：{'Content-Type': 'application/json'}
上传文件名称：None
[2020-01-10 11:05:58,186 - Log.py - 36] - INFO:响应结果：
{
    "data":{
        "redirectUrl":"string",
        "route":"string",
        "verificationCode":"9233e962-6ee4-4765-92fa-17f3950731bd"
    },
    "errorCode":null,
    "errorData":null,
    "message":null,
    "success":true
}
[2020-01-10 11:08:14,986 - Log.py - 36] - INFO:
请求方法：POST
请求地址：https://j1.sccpcloud.com/api-gateway/authentication/signIn
请求参数：{'clientId': 'client', 'password': 'Mima123!', 'redirectUrl': 'string', 'route': 'string', 'username': 'MLB2-TEST01'}
请求头部：{'Content-Type': 'application/json'}
上传文件名称：None
[2020-01-10 11:08:15,216 - Log.py - 36] - INFO:响应结果：
{
    "data":{
        "redirectUrl":"string",
        "route":"string",
        "verificationCode":"fcaa9207-a903-4ac4-8839-a35a54014aa1"
    },
    "errorCode":null,
    "errorData":null,
    "message":null,
    "success":true
}
[2020-01-10 11:25:48,703 - Log.py - 36] - INFO:
请求方法：POST
请求地址：https://j1.sccpcloud.com/api-gateway/authentication/signIn
请求参数：{'clientId': 'client', 'password': 'Mima123!', 'redirectUrl': 'string', 'route': 'string', 'username': 'MLB2-TEST01'}
请求头部：{'Content-Type': 'application/json'}
上传文件名称：None
[2020-01-10 11:25:48,936 - Log.py - 36] - INFO:响应结果：
{
    "data":{
        "redirectUrl":"string",
        "route":"string",
        "verificationCode":"cbf484e1-cab0-440a-b7d2-eeea068d84be"
    },
    "errorCode":null,
    "errorData":null,
    "message":null,
    "success":true
}
[2020-01-10 11:27:27,152 - Log.py - 36] - INFO:
请求方法：POST
请求地址：https://j1.sccpcloud.com/api-gateway/authentication/signIn
请求参数：{'clientId': 'client', 'password': 'Mima123!', 'redirectUrl': 'string', 'route': 'string', 'username': 'MLB2-TEST01'}
请求头部：{'Content-Type': 'application/json'}
上传文件名称：None
[2020-01-10 11:27:27,403 - Log.py - 36] - INFO:响应结果：
{
    "data":{
        "redirectUrl":"string",
        "route":"string",
        "verificationCode":"48e9b427-46df-427e-99e3-3ea21431639b"
    },
    "errorCode":null,
    "errorData":null,
    "message":null,
    "success":true
}
[2020-01-10 11:28:19,067 - Log.py - 36] - INFO:
请求方法：POST
请求地址：https://j1.sccpcloud.com/api-gateway/authentication/signIn
请求参数：{'clientId': 'client', 'password': 'Mima123!', 'redirectUrl': 'string', 'route': 'string', 'username': 'MLB2-TEST01'}
请求头部：{'Content-Type': 'application/json'}
上传文件名称：None
[2020-01-10 11:28:19,270 - Log.py - 36] - INFO:响应结果：
{
    "data":{
        "redirectUrl":"string",
        "route":"string",
        "verificationCode":"80c89319-e781-4a88-b233-28057e5d378d"
    },
    "errorCode":null,
    "errorData":null,
    "message":null,
    "success":true
}
[2020-01-10 11:29:05,628 - Log.py - 36] - INFO:
请求方法：POST
请求地址：https://j1.sccpcloud.com/api-gateway/authentication/signIn
请求参数：{'clientId': 'client', 'password': 'Mima123!', 'redirectUrl': 'string', 'route': 'string', 'username': 'MLB2-TEST01'}
请求头部：{'Content-Type': 'application/json'}
上传文件名称：None
[2020-01-10 11:29:05,874 - Log.py - 36] - INFO:响应结果：
{
    "data":{
        "redirectUrl":"string",
        "route":"string",
        "verificationCode":"237b4c79-140d-4c2b-a2ba-6c9c4e0b4dff"
    },
    "errorCode":null,
    "errorData":null,
    "message":null,
    "success":true
}
[2020-01-10 11:29:36,284 - Log.py - 36] - INFO:
请求方法：POST
请求地址：https://j1.sccpcloud.com/api-gateway/authentication/signIn
请求参数：{'clientId': 'client', 'password': 'Mima123!', 'redirectUrl': 'string', 'route': 'string', 'username': 'MLB2-TEST01'}
请求头部：{'Content-Type': 'application/json'}
上传文件名称：None
[2020-01-10 11:29:36,510 - Log.py - 36] - INFO:响应结果：
{
    "data":{
        "redirectUrl":"string",
        "route":"string",
        "verificationCode":"7769a139-4c21-4a5b-8b9d-66f3a11fe4e2"
    },
    "errorCode":null,
    "errorData":null,
    "message":null,
    "success":true
}
[2020-01-10 11:34:46,891 - Log.py - 36] - INFO:
请求方法：POST
请求地址：https://j1.sccpcloud.com/api-gateway/authentication/signIn
请求参数：{'clientId': 'client', 'password': 'Mima123!', 'redirectUrl': 'string', 'route': 'string', 'username': 'MLB2-TEST01'}
请求头部：{'Content-Type': 'application/json'}
上传文件名称：None
[2020-01-10 11:34:47,121 - Log.py - 36] - INFO:响应结果：
{
    "data":{
        "redirectUrl":"string",
        "route":"string",
        "verificationCode":"d68fc80f-6ab8-41c0-98ec-398d2a571432"
    },
    "errorCode":null,
    "errorData":null,
    "message":null,
    "success":true
}
[2020-01-10 11:36:09,641 - Log.py - 36] - INFO:
请求方法：POST
请求地址：https://j1.sccpcloud.com/api-gateway/authentication/signIn
请求参数：{'clientId': 'client', 'password': 'Mima123!', 'redirectUrl': 'string', 'route': 'string', 'username': 'MLB2-TEST01'}
请求头部：{'Content-Type': 'application/json'}
上传文件名称：None
[2020-01-10 11:36:09,873 - Log.py - 36] - INFO:响应结果：
{
    "data":{
        "redirectUrl":"string",
        "route":"string",
        "verificationCode":"90884d47-796c-4a84-9506-32e1cdef8504"
    },
    "errorCode":null,
    "errorData":null,
    "message":null,
    "success":true
}
[2020-01-10 11:36:32,891 - Log.py - 36] - INFO:
请求方法：POST
请求地址：https://j1.sccpcloud.com/api-gateway/authentication/signIn
请求参数：{'clientId': 'client', 'password': 'Mima123!', 'redirectUrl': 'string', 'route': 'string', 'username': 'MLB2-TEST01'}
请求头部：{'Content-Type': 'application/json'}
上传文件名称：None
[2020-01-10 11:36:33,147 - Log.py - 36] - INFO:响应结果：
{
    "data":{
        "redirectUrl":"string",
        "route":"string",
        "verificationCode":"aa63ccd2-c271-4caa-8caa-18147a662aa1"
    },
    "errorCode":null,
    "errorData":null,
    "message":null,
    "success":true
}
[2020-01-10 11:39:24,653 - Log.py - 36] - INFO:
请求方法：POST
请求地址：https://j1.sccpcloud.com/api-gateway/authentication/signIn
请求参数：{'clientId': 'client', 'password': 'Mima123!', 'redirectUrl': 'string', 'route': 'string', 'username': 'MLB2-TEST01'}
请求头部：{'Content-Type': 'application/json'}
上传文件名称：None
[2020-01-10 11:39:24,879 - Log.py - 36] - INFO:响应结果：
{
    "data":{
        "redirectUrl":"string",
        "route":"string",
        "verificationCode":"3f21c9fd-bb24-45e7-a5a3-77f46f48dfed"
    },
    "errorCode":null,
    "errorData":null,
    "message":null,
    "success":true
}
[2020-01-10 11:42:02,042 - Log.py - 36] - INFO:
请求方法：POST
请求地址：https://j1.sccpcloud.com/api-gateway/authentication/signIn
请求参数：{'clientId': 'client', 'password': 'Mima123!', 'redirectUrl': 'string', 'route': 'string', 'username': 'MLB2-TEST01'}
请求头部：{'Content-Type': 'application/json'}
上传文件名称：None
[2020-01-10 11:42:02,272 - Log.py - 36] - INFO:响应结果：
{
    "data":{
        "redirectUrl":"string",
        "route":"string",
        "verificationCode":"b5532a05-d0e4-4dbf-af2a-764e5cfd54de"
    },
    "errorCode":null,
    "errorData":null,
    "message":null,
    "success":true
}
[2020-01-10 11:46:13,978 - Log.py - 36] - INFO:
请求方法：POST
请求地址：https://j1.sccpcloud.com/api-gateway/authentication/signIn00
请求参数：{'clientId': 'client', 'password': 'Mima123!', 'redirectUrl': 'string', 'route': 'string', 'username': 'MLB2-TEST01'}
请求头部：{'Content-Type': 'application/json'}
上传文件名称：None
[2020-01-10 11:46:14,327 - Log.py - 36] - INFO:响应结果：
{
    "error":"Not Found",
    "message":"No message available",
    "path":"/authentication/signIn00",
    "status":404,
    "timestamp":"2020-01-10T03:46:14.382+0000"
}
[2020-01-10 11:46:14,335 - Log.py - 42] - ERROR:输入的[verificationCode]键不存在

[2020-01-10 11:47:47,301 - Log.py - 36] - INFO:
请求方法：POST
请求地址：https://j1.sccpcloud.com/api-gateway/authentication/signIn
请求参数：{'clientId': 'client', 'password': 'Mima123!', 'redirectUrl': 'string', 'route': 'string', 'username': 'MLB2-TEST01'}
请求头部：{'Content-Type': 'application/json'}
上传文件名称：None
[2020-01-10 11:47:47,529 - Log.py - 36] - INFO:响应结果：
{
    "data":{
        "redirectUrl":"string",
        "route":"string",
        "verificationCode":"204b443b-85a5-41ca-b078-c758ada61b4d"
    },
    "errorCode":null,
    "errorData":null,
    "message":null,
    "success":true
}
[2020-01-10 11:51:48,536 - Log.py - 36] - INFO:
请求方法：POST
请求地址：https://j1.sccpcloud.com/api-gateway/authentication/signIn
请求参数：{'clientId': 'client', 'password': 'Mima123!', 'redirectUrl': 'string', 'route': 'string', 'username': 'MLB2-TEST01'}
请求头部：{'Content-Type': 'application/json'}
上传文件名称：None
[2020-01-10 11:51:48,759 - Log.py - 36] - INFO:响应结果：
{
    "data":{
        "redirectUrl":"string",
        "route":"string",
        "verificationCode":"d824121d-ff55-4bbc-8a3a-05b3d374f440"
    },
    "errorCode":null,
    "errorData":null,
    "message":null,
    "success":true
}
[2020-01-10 11:52:19,717 - Log.py - 36] - INFO:
请求方法：POST
请求地址：https://j1.sccpcloud.com/api-gateway/authentication/signIn
请求参数：{'clientId': 'client', 'password': 'Mima123!', 'redirectUrl': 'string', 'route': 'string', 'username': 'MLB2-TEST01'}
请求头部：{'Content-Type': 'application/json'}
上传文件名称：None
[2020-01-10 11:52:19,939 - Log.py - 36] - INFO:响应结果：
{
    "data":{
        "redirectUrl":"string",
        "route":"string",
        "verificationCode":"e14a4102-75f6-41ea-b2ce-8e900af025f2"
    },
    "errorCode":null,
    "errorData":null,
    "message":null,
    "success":true
}
[2020-01-10 11:57:59,591 - Log.py - 36] - INFO:
请求方法：POST
请求地址：https://j1.sccpcloud.com/api-gateway/authentication/signIn
请求参数：{'clientId': 'client', 'password': 'Mima123!', 'redirectUrl': 'string', 'route': 'string', 'username': 'MLB2-TEST01'}
请求头部：{'Content-Type': 'application/json'}
上传文件名称：None
[2020-01-10 11:57:59,814 - Log.py - 36] - INFO:响应结果：
{
    "data":{
        "redirectUrl":"string",
        "route":"string",
        "verificationCode":"310010ac-fc9c-4643-81de-6954660700e2"
    },
    "errorCode":null,
    "errorData":null,
    "message":null,
    "success":true
}
