[2020-08-30 17:02:30,894 - Log.py - 42] - ERROR:输入的[${#a}]键不存在

[2020-08-30 17:17:01,802 - Log.py - 42] - ERROR:输入的[d]键不存在

[2020-08-30 17:55:28,822 - Log.py - 42] - ERROR:输入的[c]键不存在

[2020-08-30 18:23:54,517 - Log.py - 42] - ERROR:输入的[None]键不存在

[2020-08-30 18:23:54,522 - Log.py - 42] - ERROR:输入的[None]键不存在

[2020-08-30 18:23:54,531 - Log.py - 42] - ERROR:输入的[None]键不存在

[2020-08-30 18:24:16,154 - Log.py - 42] - ERROR:输入的[None]键不存在

[2020-08-30 18:24:16,157 - Log.py - 42] - ERROR:输入的[None]键不存在

[2020-08-30 18:24:16,160 - Log.py - 42] - ERROR:输入的[None]键不存在

[2020-08-30 18:28:52,496 - Log.py - 42] - ERROR:输入的[None]键不存在

[2020-08-30 18:28:52,500 - Log.py - 42] - ERROR:输入的[None]键不存在

[2020-08-30 18:28:52,505 - Log.py - 42] - ERROR:输入的[None]键不存在

[2020-08-30 18:30:00,993 - Log.py - 42] - ERROR:输入的[None]键不存在

[2020-08-30 18:30:00,998 - Log.py - 42] - ERROR:输入的[None]键不存在

[2020-08-30 18:30:01,001 - Log.py - 42] - ERROR:输入的[None]键不存在

[2020-08-30 18:31:23,929 - Log.py - 42] - ERROR:输入的[None]键不存在

[2020-08-30 18:43:50,533 - Log.py - 42] - ERROR:输入的[${a}]键不存在

[2020-08-30 18:43:50,537 - Log.py - 42] - ERROR:输入的[${a}]键不存在

[2020-08-30 18:43:50,539 - Log.py - 42] - ERROR:输入的[${a}]键不存在

[2020-08-30 18:45:59,953 - Log.py - 42] - ERROR:输入的[${a}]键不存在

[2020-08-30 18:45:59,956 - Log.py - 42] - ERROR:输入的[${a}]键不存在

[2020-08-30 18:45:59,959 - Log.py - 42] - ERROR:输入的[${a}]键不存在

[2020-08-30 18:46:50,684 - Log.py - 42] - ERROR:输入的[c]键不存在

[2020-08-30 18:47:00,434 - Log.py - 42] - ERROR:输入的[aa]键不存在

